Using pre-set license
Built from '2020.3/staging' branch; Version is '2020.3.10f1 (297d780c91bc) revision 2719096'; Using compiler version '192528614'; Build Type 'Release'
OS: 'Windows 10 Pro; OS build 19043.928; Version 2009; 64bit' Language: 'zh' Physical Memory: 16208 MB
BatchMode: 1, IsHumanControllingUs: 0, StartBugReporterOnCrash: 0, Is64bit: 1, IsPro: 0

 COMMAND LINE ARGUMENTS:
C:\Program Files\Unity\Editor\Unity.exe
-adb2
-batchMode
-noUpm
-name
AssetImportWorker0
-projectPath
D:/Unity3D/Signin
-logFile
Logs/AssetImportWorker0.log
-srvPort
54152
Successfully changed project path to: D:/Unity3D/Signin
D:/Unity3D/Signin
Using Asset Import Pipeline V2.
Refreshing native plugins compatible for Editor in 23.38 ms, found 2 plugins.
Preloading 0 native plugins for Editor in 0.00 ms.
Initialize engine version: 2020.3.10f1 (297d780c91bc)
[Subsystems] Discovering subsystems at path C:/Program Files/Unity/Editor/Data/Resources/UnitySubsystems
[Subsystems] Discovering subsystems at path D:/Unity3D/Signin/Assets
GfxDevice: creating device client; threaded=0
Direct3D:
    Version:  Direct3D 11.0 [level 11.1]
    Renderer: NVIDIA GeForce GTX 1650 SUPER (ID=0x2187)
    Vendor:   
    VRAM:     3955 MB
    Driver:   27.21.14.5785
Initialize mono
Mono path[0] = 'C:/Program Files/Unity/Editor/Data/Managed'
Mono path[1] = 'C:/Program Files/Unity/Editor/Data/MonoBleedingEdge/lib/mono/unityjit'
Mono config path = 'C:/Program Files/Unity/Editor/Data/MonoBleedingEdge/etc'
Using monoOptions --debugger-agent=transport=dt_socket,embedding=1,server=y,suspend=n,address=127.0.0.1:56236
Begin MonoManager ReloadAssembly
Registering precompiled unity dll's ...
Register platform support module: C:/Program Files/Unity/Editor/Data/PlaybackEngines/WindowsStandaloneSupport/UnityEditor.WindowsStandalone.Extensions.dll
Registered in 0.002622 seconds.
Native extension for WindowsStandalone target not found
Refreshing native plugins compatible for Editor in 25.47 ms, found 2 plugins.
Preloading 0 native plugins for Editor in 0.00 ms.
Mono: successfully reloaded assembly
- Completed reload, in  0.973 seconds
Platform modules already initialized, skipping
Registering precompiled user dll's ...
Registered in 0.002706 seconds.
Begin MonoManager ReloadAssembly
Native extension for WindowsStandalone target not found
Refreshing native plugins compatible for Editor in 0.30 ms, found 2 plugins.
Preloading 0 native plugins for Editor in 0.00 ms.
DisplayProgressbar: Restoring NuGet Packages
Mono: successfully reloaded assembly
- Completed reload, in  1.093 seconds
Platform modules already initialized, skipping
========================================================================
Worker process is ready to serve import requests
Launched and connected shader compiler UnityShaderCompiler.exe after 0.05 seconds
Refreshing native plugins compatible for Editor in 0.32 ms, found 2 plugins.
Preloading 0 native plugins for Editor in 0.00 ms.
Unloading 1407 Unused Serialized files (Serialized files now loaded: 0)
System memory in use before: 77.5 MB.
System memory in use after: 77.5 MB.

Unloading 23 unused Assets to reduce memory usage. Loaded Objects now: 1855.
Total: 1.755700 ms (FindLiveObjects: 0.144100 ms CreateObjectMapping: 0.041800 ms MarkObjects: 1.499200 ms  DeleteObjects: 0.069700 ms)

========================================================================
Received Import Request.
  path: Assets/Prefab/PanelTe.prefab
  artifactKey: Guid(7e120c032b506ed41a4fa9835120121a) Importer(815301076,1909f56bfc062723c751e8b465ee728b)
Start importing Assets/Prefab/PanelTe.prefab using Guid(7e120c032b506ed41a4fa9835120121a) Importer(815301076,1909f56bfc062723c751e8b465ee728b)  -> (artifact id: '5e853b54b63b5b2e4b71b9c8f4a50218') in 0.054307 seconds
  Import took 0.056589 seconds .

========================================================================
Received Import Request.
  Time since last request: 381.282254 seconds.
  path: Assets/Resources/UI/uiGray.shader
  artifactKey: Guid(b4c8a6057d0ac404280fbc6a59a55350) Importer(815301076,1909f56bfc062723c751e8b465ee728b)
Start importing Assets/Resources/UI/uiGray.shader using Guid(b4c8a6057d0ac404280fbc6a59a55350) Importer(815301076,1909f56bfc062723c751e8b465ee728b)  -> (artifact id: '0eec36d4cf6b9df9e78f6d864577c122') in 0.007820 seconds
  Import took 0.010528 seconds .

========================================================================
Received Import Request.
  Time since last request: 0.000585 seconds.
  path: Assets/Resources/UI/uiGray.shader
  artifactKey: Guid(b4c8a6057d0ac404280fbc6a59a55350) Importer(815301076,1909f56bfc062723c751e8b465ee728b)
Start importing Assets/Resources/UI/uiGray.shader using Guid(b4c8a6057d0ac404280fbc6a59a55350) Importer(815301076,1909f56bfc062723c751e8b465ee728b)  -> (artifact id: '0eec36d4cf6b9df9e78f6d864577c122') in 0.002694 seconds
  Import took 0.005299 seconds .

========================================================================
Received Import Request.
  Time since last request: 32.510014 seconds.
  path: Assets/Resources/UI/uiGray.shader
  artifactKey: Guid(b4c8a6057d0ac404280fbc6a59a55350) Importer(815301076,1909f56bfc062723c751e8b465ee728b)
Start importing Assets/Resources/UI/uiGray.shader using Guid(b4c8a6057d0ac404280fbc6a59a55350) Importer(815301076,1909f56bfc062723c751e8b465ee728b)  -> (artifact id: '1a9406375a937ca8d5244378e43f1a16') in 0.002154 seconds
  Import took 0.004786 seconds .

========================================================================
Received Import Request.
  Time since last request: 2.805360 seconds.
  path: Assets/Resources/UI/Grey.shader
  artifactKey: Guid(b4c8a6057d0ac404280fbc6a59a55350) Importer(815301076,1909f56bfc062723c751e8b465ee728b)
Start importing Assets/Resources/UI/Grey.shader using Guid(b4c8a6057d0ac404280fbc6a59a55350) Importer(815301076,1909f56bfc062723c751e8b465ee728b)  -> (artifact id: 'e0b0dc1e954fcd36579788cfe3a36cf1') in 0.002423 seconds
  Import took 0.004415 seconds .

========================================================================
Received Prepare
Registering precompiled user dll's ...
Registered in 0.002395 seconds.
Begin MonoManager ReloadAssembly
Native extension for WindowsStandalone target not found
Refreshing native plugins compatible for Editor in 0.32 ms, found 2 plugins.
Preloading 0 native plugins for Editor in 0.00 ms.
Mono: successfully reloaded assembly
- Completed reload, in  1.042 seconds
Platform modules already initialized, skipping
Refreshing native plugins compatible for Editor in 0.30 ms, found 2 plugins.
Preloading 0 native plugins for Editor in 0.00 ms.
Unloading 1403 Unused Serialized files (Serialized files now loaded: 0)
System memory in use before: 77.6 MB.
System memory in use after: 77.7 MB.

Unloading 20 unused Assets to reduce memory usage. Loaded Objects now: 1860.
Total: 1.547200 ms (FindLiveObjects: 0.131000 ms CreateObjectMapping: 0.039800 ms MarkObjects: 1.312000 ms  DeleteObjects: 0.063600 ms)

========================================================================
Received Prepare
Registering precompiled user dll's ...
Registered in 0.002771 seconds.
Begin MonoManager ReloadAssembly
Native extension for WindowsStandalone target not found
Refreshing native plugins compatible for Editor in 0.31 ms, found 2 plugins.
Preloading 0 native plugins for Editor in 0.00 ms.
Mono: successfully reloaded assembly
- Completed reload, in  1.032 seconds
Platform modules already initialized, skipping
Refreshing native plugins compatible for Editor in 0.30 ms, found 2 plugins.
Preloading 0 native plugins for Editor in 0.00 ms.
Unloading 1403 Unused Serialized files (Serialized files now loaded: 0)
System memory in use before: 77.6 MB.
System memory in use after: 77.7 MB.

Unloading 19 unused Assets to reduce memory usage. Loaded Objects now: 1863.
Total: 1.888400 ms (FindLiveObjects: 0.142000 ms CreateObjectMapping: 0.038700 ms MarkObjects: 1.653200 ms  DeleteObjects: 0.053600 ms)

========================================================================
Received Prepare
Registering precompiled user dll's ...
Registered in 0.003783 seconds.
Begin MonoManager ReloadAssembly
Native extension for WindowsStandalone target not found
Refreshing native plugins compatible for Editor in 0.39 ms, found 2 plugins.
Preloading 0 native plugins for Editor in 0.00 ms.
Mono: successfully reloaded assembly
- Completed reload, in  1.206 seconds
Platform modules already initialized, skipping
Refreshing native plugins compatible for Editor in 0.32 ms, found 2 plugins.
Preloading 0 native plugins for Editor in 0.00 ms.
Unloading 1403 Unused Serialized files (Serialized files now loaded: 0)
System memory in use before: 77.7 MB.
System memory in use after: 77.7 MB.

Unloading 19 unused Assets to reduce memory usage. Loaded Objects now: 1866.
Total: 1.757100 ms (FindLiveObjects: 0.150700 ms CreateObjectMapping: 0.046600 ms MarkObjects: 1.492500 ms  DeleteObjects: 0.066200 ms)

========================================================================
Received Prepare
Registering precompiled user dll's ...
Registered in 0.003055 seconds.
Begin MonoManager ReloadAssembly
Native extension for WindowsStandalone target not found
Refreshing native plugins compatible for Editor in 0.32 ms, found 2 plugins.
Preloading 0 native plugins for Editor in 0.00 ms.
Mono: successfully reloaded assembly
- Completed reload, in  1.065 seconds
Platform modules already initialized, skipping
Refreshing native plugins compatible for Editor in 0.32 ms, found 2 plugins.
Preloading 0 native plugins for Editor in 0.00 ms.
Unloading 1403 Unused Serialized files (Serialized files now loaded: 0)
System memory in use before: 77.7 MB.
System memory in use after: 77.7 MB.

Unloading 19 unused Assets to reduce memory usage. Loaded Objects now: 1869.
Total: 1.849100 ms (FindLiveObjects: 0.163300 ms CreateObjectMapping: 0.055800 ms MarkObjects: 1.562200 ms  DeleteObjects: 0.066700 ms)

========================================================================
Received Prepare
Registering precompiled user dll's ...
Registered in 0.002543 seconds.
Begin MonoManager ReloadAssembly
Native extension for WindowsStandalone target not found
Refreshing native plugins compatible for Editor in 0.31 ms, found 2 plugins.
Preloading 0 native plugins for Editor in 0.00 ms.
Mono: successfully reloaded assembly
- Completed reload, in  1.008 seconds
Platform modules already initialized, skipping
Refreshing native plugins compatible for Editor in 0.30 ms, found 2 plugins.
Preloading 0 native plugins for Editor in 0.00 ms.
Unloading 1403 Unused Serialized files (Serialized files now loaded: 0)
System memory in use before: 77.7 MB.
System memory in use after: 77.7 MB.

Unloading 19 unused Assets to reduce memory usage. Loaded Objects now: 1872.
Total: 1.531100 ms (FindLiveObjects: 0.126000 ms CreateObjectMapping: 0.039200 ms MarkObjects: 1.308600 ms  DeleteObjects: 0.056400 ms)

========================================================================
Received Prepare
Registering precompiled user dll's ...
Registered in 0.002404 seconds.
Begin MonoManager ReloadAssembly
Native extension for WindowsStandalone target not found
Refreshing native plugins compatible for Editor in 0.31 ms, found 2 plugins.
Preloading 0 native plugins for Editor in 0.00 ms.
Mono: successfully reloaded assembly
- Completed reload, in  1.011 seconds
Platform modules already initialized, skipping
Refreshing native plugins compatible for Editor in 0.32 ms, found 2 plugins.
Preloading 0 native plugins for Editor in 0.00 ms.
Unloading 1403 Unused Serialized files (Serialized files now loaded: 0)
System memory in use before: 77.7 MB.
System memory in use after: 77.7 MB.

Unloading 19 unused Assets to reduce memory usage. Loaded Objects now: 1875.
Total: 1.665800 ms (FindLiveObjects: 0.156500 ms CreateObjectMapping: 0.050700 ms MarkObjects: 1.394200 ms  DeleteObjects: 0.063700 ms)

========================================================================
Received Prepare
Registering precompiled user dll's ...
Registered in 0.002865 seconds.
Begin MonoManager ReloadAssembly
Native extension for WindowsStandalone target not found
Refreshing native plugins compatible for Editor in 0.31 ms, found 2 plugins.
Preloading 0 native plugins for Editor in 0.00 ms.
Mono: successfully reloaded assembly
- Completed reload, in  1.033 seconds
Platform modules already initialized, skipping
Refreshing native plugins compatible for Editor in 0.32 ms, found 2 plugins.
Preloading 0 native plugins for Editor in 0.00 ms.
Unloading 1403 Unused Serialized files (Serialized files now loaded: 0)
System memory in use before: 77.7 MB.
System memory in use after: 77.8 MB.

Unloading 19 unused Assets to reduce memory usage. Loaded Objects now: 1878.
Total: 1.590400 ms (FindLiveObjects: 0.127100 ms CreateObjectMapping: 0.039000 ms MarkObjects: 1.361700 ms  DeleteObjects: 0.061900 ms)

========================================================================
Received Prepare
Registering precompiled user dll's ...
Registered in 0.002531 seconds.
Begin MonoManager ReloadAssembly
Native extension for WindowsStandalone target not found
Refreshing native plugins compatible for Editor in 0.34 ms, found 2 plugins.
Preloading 0 native plugins for Editor in 0.00 ms.
Mono: successfully reloaded assembly
- Completed reload, in  1.041 seconds
Platform modules already initialized, skipping
Refreshing native plugins compatible for Editor in 0.31 ms, found 2 plugins.
Preloading 0 native plugins for Editor in 0.00 ms.
Unloading 1403 Unused Serialized files (Serialized files now loaded: 0)
System memory in use before: 77.7 MB.
System memory in use after: 77.8 MB.

Unloading 19 unused Assets to reduce memory usage. Loaded Objects now: 1881.
Total: 1.628400 ms (FindLiveObjects: 0.158900 ms CreateObjectMapping: 0.046400 ms MarkObjects: 1.366300 ms  DeleteObjects: 0.056100 ms)

========================================================================
Received Prepare
Registering precompiled user dll's ...
Registered in 0.002453 seconds.
Begin MonoManager ReloadAssembly
Native extension for WindowsStandalone target not found
Refreshing native plugins compatible for Editor in 0.30 ms, found 2 plugins.
Preloading 0 native plugins for Editor in 0.00 ms.
Mono: successfully reloaded assembly
- Completed reload, in  1.002 seconds
Platform modules already initialized, skipping
Refreshing native plugins compatible for Editor in 0.31 ms, found 2 plugins.
Preloading 0 native plugins for Editor in 0.00 ms.
Unloading 1403 Unused Serialized files (Serialized files now loaded: 0)
System memory in use before: 77.7 MB.
System memory in use after: 77.8 MB.

Unloading 19 unused Assets to reduce memory usage. Loaded Objects now: 1884.
Total: 1.566100 ms (FindLiveObjects: 0.129600 ms CreateObjectMapping: 0.037300 ms MarkObjects: 1.338800 ms  DeleteObjects: 0.059700 ms)

========================================================================
Received Prepare
Registering precompiled user dll's ...
Registered in 0.002469 seconds.
Begin MonoManager ReloadAssembly
Native extension for WindowsStandalone target not found
Refreshing native plugins compatible for Editor in 0.31 ms, found 2 plugins.
Preloading 0 native plugins for Editor in 0.00 ms.
Mono: successfully reloaded assembly
- Completed reload, in  1.005 seconds
Platform modules already initialized, skipping
Refreshing native plugins compatible for Editor in 0.30 ms, found 2 plugins.
Preloading 0 native plugins for Editor in 0.00 ms.
Unloading 1403 Unused Serialized files (Serialized files now loaded: 0)
System memory in use before: 77.7 MB.
System memory in use after: 77.8 MB.

Unloading 19 unused Assets to reduce memory usage. Loaded Objects now: 1887.
Total: 1.613100 ms (FindLiveObjects: 0.139200 ms CreateObjectMapping: 0.038500 ms MarkObjects: 1.379400 ms  DeleteObjects: 0.055300 ms)

========================================================================
Received Prepare
Registering precompiled user dll's ...
Registered in 0.002701 seconds.
Begin MonoManager ReloadAssembly
Native extension for WindowsStandalone target not found
Refreshing native plugins compatible for Editor in 0.33 ms, found 2 plugins.
Preloading 0 native plugins for Editor in 0.00 ms.
Mono: successfully reloaded assembly
- Completed reload, in  1.095 seconds
Platform modules already initialized, skipping
Refreshing native plugins compatible for Editor in 0.31 ms, found 2 plugins.
Preloading 0 native plugins for Editor in 0.00 ms.
Unloading 1403 Unused Serialized files (Serialized files now loaded: 0)
System memory in use before: 77.7 MB.
System memory in use after: 77.8 MB.

Unloading 19 unused Assets to reduce memory usage. Loaded Objects now: 1890.
Total: 1.676600 ms (FindLiveObjects: 0.142700 ms CreateObjectMapping: 0.044100 ms MarkObjects: 1.426200 ms  DeleteObjects: 0.062500 ms)

========================================================================
Received Prepare
Registering precompiled user dll's ...
Registered in 0.002509 seconds.
Begin MonoManager ReloadAssembly
Native extension for WindowsStandalone target not found
Refreshing native plugins compatible for Editor in 0.33 ms, found 2 plugins.
Preloading 0 native plugins for Editor in 0.00 ms.
Mono: successfully reloaded assembly
- Completed reload, in  1.086 seconds
Platform modules already initialized, skipping
Refreshing native plugins compatible for Editor in 0.33 ms, found 2 plugins.
Preloading 0 native plugins for Editor in 0.00 ms.
Unloading 1403 Unused Serialized files (Serialized files now loaded: 0)
System memory in use before: 77.7 MB.
System memory in use after: 77.8 MB.

Unloading 19 unused Assets to reduce memory usage. Loaded Objects now: 1893.
Total: 1.674100 ms (FindLiveObjects: 0.140800 ms CreateObjectMapping: 0.044100 ms MarkObjects: 1.422800 ms  DeleteObjects: 0.065600 ms)

========================================================================
Received Prepare
Registering precompiled user dll's ...
Registered in 0.002941 seconds.
Begin MonoManager ReloadAssembly
Native extension for WindowsStandalone target not found
Refreshing native plugins compatible for Editor in 0.34 ms, found 2 plugins.
Preloading 0 native plugins for Editor in 0.00 ms.
Mono: successfully reloaded assembly
- Completed reload, in  1.229 seconds
Platform modules already initialized, skipping
Refreshing native plugins compatible for Editor in 0.35 ms, found 2 plugins.
Preloading 0 native plugins for Editor in 0.00 ms.
Unloading 1403 Unused Serialized files (Serialized files now loaded: 0)
System memory in use before: 77.7 MB.
System memory in use after: 77.8 MB.

Unloading 19 unused Assets to reduce memory usage. Loaded Objects now: 1896.
Total: 1.699700 ms (FindLiveObjects: 0.143600 ms CreateObjectMapping: 0.043400 ms MarkObjects: 1.450000 ms  DeleteObjects: 0.061600 ms)

========================================================================
Received Prepare
Registering precompiled user dll's ...
Registered in 0.002825 seconds.
Begin MonoManager ReloadAssembly
Native extension for WindowsStandalone target not found
Refreshing native plugins compatible for Editor in 0.33 ms, found 2 plugins.
Preloading 0 native plugins for Editor in 0.00 ms.
Mono: successfully reloaded assembly
- Completed reload, in  1.098 seconds
Platform modules already initialized, skipping
Refreshing native plugins compatible for Editor in 0.32 ms, found 2 plugins.
Preloading 0 native plugins for Editor in 0.00 ms.
Unloading 1403 Unused Serialized files (Serialized files now loaded: 0)
System memory in use before: 77.7 MB.
System memory in use after: 77.8 MB.

Unloading 19 unused Assets to reduce memory usage. Loaded Objects now: 1899.
Total: 1.887400 ms (FindLiveObjects: 0.173500 ms CreateObjectMapping: 0.052600 ms MarkObjects: 1.585300 ms  DeleteObjects: 0.074500 ms)

========================================================================
Received Prepare
Registering precompiled user dll's ...
Registered in 0.002475 seconds.
Begin MonoManager ReloadAssembly
Native extension for WindowsStandalone target not found
Refreshing native plugins compatible for Editor in 0.31 ms, found 2 plugins.
Preloading 0 native plugins for Editor in 0.00 ms.
Mono: successfully reloaded assembly
- Completed reload, in  1.012 seconds
Platform modules already initialized, skipping
Refreshing native plugins compatible for Editor in 0.30 ms, found 2 plugins.
Preloading 0 native plugins for Editor in 0.00 ms.
Unloading 1403 Unused Serialized files (Serialized files now loaded: 0)
System memory in use before: 77.7 MB.
System memory in use after: 77.8 MB.

Unloading 19 unused Assets to reduce memory usage. Loaded Objects now: 1902.
Total: 1.751900 ms (FindLiveObjects: 0.159100 ms CreateObjectMapping: 0.052500 ms MarkObjects: 1.476500 ms  DeleteObjects: 0.062900 ms)

========================================================================
Received Prepare
Registering precompiled user dll's ...
Registered in 0.002556 seconds.
Begin MonoManager ReloadAssembly
Native extension for WindowsStandalone target not found
Refreshing native plugins compatible for Editor in 0.33 ms, found 2 plugins.
Preloading 0 native plugins for Editor in 0.00 ms.
Mono: successfully reloaded assembly
- Completed reload, in  1.117 seconds
Platform modules already initialized, skipping
Refreshing native plugins compatible for Editor in 0.35 ms, found 2 plugins.
Preloading 0 native plugins for Editor in 0.00 ms.
Unloading 1403 Unused Serialized files (Serialized files now loaded: 0)
System memory in use before: 77.7 MB.
System memory in use after: 77.8 MB.

Unloading 19 unused Assets to reduce memory usage. Loaded Objects now: 1905.
Total: 1.657700 ms (FindLiveObjects: 0.143700 ms CreateObjectMapping: 0.043800 ms MarkObjects: 1.406200 ms  DeleteObjects: 0.062900 ms)

========================================================================
Received Prepare
Registering precompiled user dll's ...
Registered in 0.002679 seconds.
Begin MonoManager ReloadAssembly
Native extension for WindowsStandalone target not found
Refreshing native plugins compatible for Editor in 0.34 ms, found 2 plugins.
Preloading 0 native plugins for Editor in 0.00 ms.
Mono: successfully reloaded assembly
- Completed reload, in  1.015 seconds
Platform modules already initialized, skipping
Refreshing native plugins compatible for Editor in 0.36 ms, found 2 plugins.
Preloading 0 native plugins for Editor in 0.00 ms.
Unloading 1403 Unused Serialized files (Serialized files now loaded: 0)
System memory in use before: 77.7 MB.
System memory in use after: 77.8 MB.

Unloading 19 unused Assets to reduce memory usage. Loaded Objects now: 1908.
Total: 1.546800 ms (FindLiveObjects: 0.133200 ms CreateObjectMapping: 0.040100 ms MarkObjects: 1.312200 ms  DeleteObjects: 0.060300 ms)

========================================================================
Received Import Request.
  Time since last request: 1722.748032 seconds.
  path: Assets/Resources/UI/Item.prefab
  artifactKey: Guid(88c47834586a2ac4c9ffb82c29e1fc48) Importer(815301076,1909f56bfc062723c751e8b465ee728b)
Start importing Assets/Resources/UI/Item.prefab using Guid(88c47834586a2ac4c9ffb82c29e1fc48) Importer(815301076,1909f56bfc062723c751e8b465ee728b)  -> (artifact id: 'a879b049225374a0c5d873cc18beab7f') in 0.041436 seconds
  Import took 0.043474 seconds .

========================================================================
Received Prepare
Registering precompiled user dll's ...
Registered in 0.002882 seconds.
Begin MonoManager ReloadAssembly
Native extension for WindowsStandalone target not found
Refreshing native plugins compatible for Editor in 0.33 ms, found 2 plugins.
Preloading 0 native plugins for Editor in 0.00 ms.
Mono: successfully reloaded assembly
- Completed reload, in  1.058 seconds
Platform modules already initialized, skipping
Refreshing native plugins compatible for Editor in 0.31 ms, found 2 plugins.
Preloading 0 native plugins for Editor in 0.00 ms.
Unloading 1403 Unused Serialized files (Serialized files now loaded: 0)
System memory in use before: 77.8 MB.
System memory in use after: 77.8 MB.

Unloading 19 unused Assets to reduce memory usage. Loaded Objects now: 1911.
Total: 1.726900 ms (FindLiveObjects: 0.131200 ms CreateObjectMapping: 0.040200 ms MarkObjects: 1.495300 ms  DeleteObjects: 0.059400 ms)

========================================================================
Received Prepare
Registering precompiled user dll's ...
Registered in 0.002741 seconds.
Begin MonoManager ReloadAssembly
Native extension for WindowsStandalone target not found
Refreshing native plugins compatible for Editor in 0.33 ms, found 2 plugins.
Preloading 0 native plugins for Editor in 0.00 ms.
Mono: successfully reloaded assembly
- Completed reload, in  1.135 seconds
Platform modules already initialized, skipping
Refreshing native plugins compatible for Editor in 0.32 ms, found 2 plugins.
Preloading 0 native plugins for Editor in 0.00 ms.
Unloading 1403 Unused Serialized files (Serialized files now loaded: 0)
System memory in use before: 77.8 MB.
System memory in use after: 77.8 MB.

Unloading 19 unused Assets to reduce memory usage. Loaded Objects now: 1914.
Total: 1.888000 ms (FindLiveObjects: 0.156700 ms CreateObjectMapping: 0.042900 ms MarkObjects: 1.620500 ms  DeleteObjects: 0.067000 ms)

========================================================================
Received Prepare
Registering precompiled user dll's ...
Registered in 0.002673 seconds.
Begin MonoManager ReloadAssembly
Native extension for WindowsStandalone target not found
Refreshing native plugins compatible for Editor in 0.37 ms, found 2 plugins.
Preloading 0 native plugins for Editor in 0.00 ms.
Mono: successfully reloaded assembly
- Completed reload, in  1.144 seconds
Platform modules already initialized, skipping
Refreshing native plugins compatible for Editor in 0.32 ms, found 2 plugins.
Preloading 0 native plugins for Editor in 0.00 ms.
Unloading 1403 Unused Serialized files (Serialized files now loaded: 0)
System memory in use before: 77.8 MB.
System memory in use after: 77.8 MB.

Unloading 19 unused Assets to reduce memory usage. Loaded Objects now: 1917.
Total: 1.806200 ms (FindLiveObjects: 0.161600 ms CreateObjectMapping: 0.048000 ms MarkObjects: 1.531200 ms  DeleteObjects: 0.064400 ms)

========================================================================
Received Prepare
Registering precompiled user dll's ...
Registered in 0.002661 seconds.
Begin MonoManager ReloadAssembly
Native extension for WindowsStandalone target not found
Refreshing native plugins compatible for Editor in 0.31 ms, found 2 plugins.
Preloading 0 native plugins for Editor in 0.00 ms.
Mono: successfully reloaded assembly
- Completed reload, in  1.037 seconds
Platform modules already initialized, skipping
Refreshing native plugins compatible for Editor in 0.34 ms, found 2 plugins.
Preloading 0 native plugins for Editor in 0.00 ms.
Unloading 1403 Unused Serialized files (Serialized files now loaded: 0)
System memory in use before: 77.8 MB.
System memory in use after: 77.8 MB.

Unloading 19 unused Assets to reduce memory usage. Loaded Objects now: 1920.
Total: 2.103700 ms (FindLiveObjects: 0.237800 ms CreateObjectMapping: 0.090100 ms MarkObjects: 1.710500 ms  DeleteObjects: 0.064300 ms)

========================================================================
Received Prepare
Registering precompiled user dll's ...
Registered in 0.002996 seconds.
Begin MonoManager ReloadAssembly
Native extension for WindowsStandalone target not found
Refreshing native plugins compatible for Editor in 0.32 ms, found 2 plugins.
Preloading 0 native plugins for Editor in 0.00 ms.
Mono: successfully reloaded assembly
- Completed reload, in  1.060 seconds
Platform modules already initialized, skipping
Refreshing native plugins compatible for Editor in 0.36 ms, found 2 plugins.
Preloading 0 native plugins for Editor in 0.00 ms.
Unloading 1403 Unused Serialized files (Serialized files now loaded: 0)
System memory in use before: 77.8 MB.
System memory in use after: 77.8 MB.

Unloading 19 unused Assets to reduce memory usage. Loaded Objects now: 1923.
Total: 1.724000 ms (FindLiveObjects: 0.147600 ms CreateObjectMapping: 0.042100 ms MarkObjects: 1.475900 ms  DeleteObjects: 0.057700 ms)

========================================================================
Received Prepare
Registering precompiled user dll's ...
Registered in 0.002542 seconds.
Begin MonoManager ReloadAssembly
Native extension for WindowsStandalone target not found
Refreshing native plugins compatible for Editor in 0.31 ms, found 2 plugins.
Preloading 0 native plugins for Editor in 0.00 ms.
Mono: successfully reloaded assembly
- Completed reload, in  1.031 seconds
Platform modules already initialized, skipping
Refreshing native plugins compatible for Editor in 0.30 ms, found 2 plugins.
Preloading 0 native plugins for Editor in 0.00 ms.
Unloading 1403 Unused Serialized files (Serialized files now loaded: 0)
System memory in use before: 77.8 MB.
System memory in use after: 77.8 MB.

Unloading 19 unused Assets to reduce memory usage. Loaded Objects now: 1926.
Total: 1.795900 ms (FindLiveObjects: 0.143300 ms CreateObjectMapping: 0.039600 ms MarkObjects: 1.551700 ms  DeleteObjects: 0.060400 ms)

========================================================================
Received Prepare
Registering precompiled user dll's ...
Registered in 0.002511 seconds.
Begin MonoManager ReloadAssembly
Native extension for WindowsStandalone target not found
Refreshing native plugins compatible for Editor in 0.32 ms, found 2 plugins.
Preloading 0 native plugins for Editor in 0.00 ms.
Mono: successfully reloaded assembly
- Completed reload, in  1.056 seconds
Platform modules already initialized, skipping
Refreshing native plugins compatible for Editor in 0.30 ms, found 2 plugins.
Preloading 0 native plugins for Editor in 0.00 ms.
Unloading 1403 Unused Serialized files (Serialized files now loaded: 0)
System memory in use before: 77.8 MB.
System memory in use after: 77.8 MB.

Unloading 19 unused Assets to reduce memory usage. Loaded Objects now: 1929.
Total: 1.583200 ms (FindLiveObjects: 0.139900 ms CreateObjectMapping: 0.040300 ms MarkObjects: 1.341800 ms  DeleteObjects: 0.060400 ms)

========================================================================
Received Prepare
Registering precompiled user dll's ...
Registered in 0.002564 seconds.
Begin MonoManager ReloadAssembly
Native extension for WindowsStandalone target not found
Refreshing native plugins compatible for Editor in 0.32 ms, found 2 plugins.
Preloading 0 native plugins for Editor in 0.00 ms.
Mono: successfully reloaded assembly
- Completed reload, in  1.043 seconds
Platform modules already initialized, skipping
Refreshing native plugins compatible for Editor in 0.31 ms, found 2 plugins.
Preloading 0 native plugins for Editor in 0.00 ms.
Unloading 1403 Unused Serialized files (Serialized files now loaded: 0)
System memory in use before: 77.8 MB.
System memory in use after: 77.8 MB.

Unloading 19 unused Assets to reduce memory usage. Loaded Objects now: 1932.
Total: 1.589700 ms (FindLiveObjects: 0.130200 ms CreateObjectMapping: 0.039300 ms MarkObjects: 1.362800 ms  DeleteObjects: 0.056500 ms)

========================================================================
Received Import Request.
  Time since last request: 710.270183 seconds.
  path: Assets/Resources/UI/Item.prefab
  artifactKey: Guid(88c47834586a2ac4c9ffb82c29e1fc48) Importer(815301076,1909f56bfc062723c751e8b465ee728b)
Start importing Assets/Resources/UI/Item.prefab using Guid(88c47834586a2ac4c9ffb82c29e1fc48) Importer(815301076,1909f56bfc062723c751e8b465ee728b)  -> (artifact id: '719d3aec2012dff5655447245c7592c7') in 0.033523 seconds
  Import took 0.035465 seconds .

========================================================================
Received Import Request.
  Time since last request: 14.837985 seconds.
  path: Assets/Resources/UI/Item.prefab
  artifactKey: Guid(88c47834586a2ac4c9ffb82c29e1fc48) Importer(815301076,1909f56bfc062723c751e8b465ee728b)
Start importing Assets/Resources/UI/Item.prefab using Guid(88c47834586a2ac4c9ffb82c29e1fc48) Importer(815301076,1909f56bfc062723c751e8b465ee728b)  -> (artifact id: '115778b6d025d311d64baceb3bbcf49a') in 0.003241 seconds
  Import took 0.005327 seconds .

========================================================================
Received Prepare
Registering precompiled user dll's ...
Registered in 0.003014 seconds.
Begin MonoManager ReloadAssembly
Native extension for WindowsStandalone target not found
Refreshing native plugins compatible for Editor in 0.32 ms, found 2 plugins.
Preloading 0 native plugins for Editor in 0.00 ms.
Mono: successfully reloaded assembly
- Completed reload, in  1.054 seconds
Platform modules already initialized, skipping
Refreshing native plugins compatible for Editor in 0.32 ms, found 2 plugins.
Preloading 0 native plugins for Editor in 0.00 ms.
Unloading 1403 Unused Serialized files (Serialized files now loaded: 0)
System memory in use before: 77.8 MB.
System memory in use after: 77.9 MB.

Unloading 19 unused Assets to reduce memory usage. Loaded Objects now: 1935.
Total: 1.728400 ms (FindLiveObjects: 0.135000 ms CreateObjectMapping: 0.041400 ms MarkObjects: 1.487800 ms  DeleteObjects: 0.063400 ms)

========================================================================
Received Prepare
Registering precompiled user dll's ...
Registered in 0.002505 seconds.
Begin MonoManager ReloadAssembly
Native extension for WindowsStandalone target not found
Refreshing native plugins compatible for Editor in 0.32 ms, found 2 plugins.
Preloading 0 native plugins for Editor in 0.00 ms.
Mono: successfully reloaded assembly
- Completed reload, in  1.020 seconds
Platform modules already initialized, skipping
Refreshing native plugins compatible for Editor in 0.32 ms, found 2 plugins.
Preloading 0 native plugins for Editor in 0.00 ms.
Unloading 1403 Unused Serialized files (Serialized files now loaded: 0)
System memory in use before: 77.8 MB.
System memory in use after: 77.9 MB.

Unloading 19 unused Assets to reduce memory usage. Loaded Objects now: 1938.
Total: 1.722200 ms (FindLiveObjects: 0.145800 ms CreateObjectMapping: 0.040300 ms MarkObjects: 1.476800 ms  DeleteObjects: 0.058700 ms)

========================================================================
Received Prepare
Registering precompiled user dll's ...
Registered in 0.002864 seconds.
Begin MonoManager ReloadAssembly
Native extension for WindowsStandalone target not found
Refreshing native plugins compatible for Editor in 0.38 ms, found 2 plugins.
Preloading 0 native plugins for Editor in 0.00 ms.
Mono: successfully reloaded assembly
- Completed reload, in  1.210 seconds
Platform modules already initialized, skipping
Refreshing native plugins compatible for Editor in 0.34 ms, found 2 plugins.
Preloading 0 native plugins for Editor in 0.00 ms.
Unloading 1403 Unused Serialized files (Serialized files now loaded: 0)
System memory in use before: 77.8 MB.
System memory in use after: 77.9 MB.

Unloading 19 unused Assets to reduce memory usage. Loaded Objects now: 1941.
Total: 1.877900 ms (FindLiveObjects: 0.152800 ms CreateObjectMapping: 0.045700 ms MarkObjects: 1.607300 ms  DeleteObjects: 0.071100 ms)

========================================================================
Received Prepare
Registering precompiled user dll's ...
Registered in 0.002503 seconds.
Begin MonoManager ReloadAssembly
Native extension for WindowsStandalone target not found
Refreshing native plugins compatible for Editor in 0.31 ms, found 2 plugins.
Preloading 0 native plugins for Editor in 0.00 ms.
Mono: successfully reloaded assembly
- Completed reload, in  1.032 seconds
Platform modules already initialized, skipping
Refreshing native plugins compatible for Editor in 0.35 ms, found 2 plugins.
Preloading 0 native plugins for Editor in 0.00 ms.
Unloading 1403 Unused Serialized files (Serialized files now loaded: 0)
System memory in use before: 77.8 MB.
System memory in use after: 77.9 MB.

Unloading 19 unused Assets to reduce memory usage. Loaded Objects now: 1944.
Total: 1.864700 ms (FindLiveObjects: 0.231300 ms CreateObjectMapping: 0.054600 ms MarkObjects: 1.514800 ms  DeleteObjects: 0.063100 ms)

========================================================================
Received Prepare
Registering precompiled user dll's ...
Registered in 0.002520 seconds.
Begin MonoManager ReloadAssembly
Native extension for WindowsStandalone target not found
Refreshing native plugins compatible for Editor in 0.32 ms, found 2 plugins.
Preloading 0 native plugins for Editor in 0.00 ms.
Mono: successfully reloaded assembly
- Completed reload, in  1.048 seconds
Platform modules already initialized, skipping
Refreshing native plugins compatible for Editor in 0.30 ms, found 2 plugins.
Preloading 0 native plugins for Editor in 0.00 ms.
Unloading 1403 Unused Serialized files (Serialized files now loaded: 0)
System memory in use before: 77.8 MB.
System memory in use after: 77.9 MB.

Unloading 19 unused Assets to reduce memory usage. Loaded Objects now: 1947.
Total: 1.748500 ms (FindLiveObjects: 0.146400 ms CreateObjectMapping: 0.039200 ms MarkObjects: 1.498900 ms  DeleteObjects: 0.063000 ms)

========================================================================
Received Import Request.
  Time since last request: 246.068609 seconds.
  path: Assets/Resources/UI/Item.prefab
  artifactKey: Guid(88c47834586a2ac4c9ffb82c29e1fc48) Importer(815301076,1909f56bfc062723c751e8b465ee728b)
Start importing Assets/Resources/UI/Item.prefab using Guid(88c47834586a2ac4c9ffb82c29e1fc48) Importer(815301076,1909f56bfc062723c751e8b465ee728b)  -> (artifact id: '40e3175ac0bf18bf3f6e0e1921ac336e') in 0.034107 seconds
  Import took 0.036494 seconds .

========================================================================
Received Prepare
Registering precompiled user dll's ...
Registered in 0.003629 seconds.
Begin MonoManager ReloadAssembly
Native extension for WindowsStandalone target not found
Refreshing native plugins compatible for Editor in 0.36 ms, found 2 plugins.
Preloading 0 native plugins for Editor in 0.00 ms.
Mono: successfully reloaded assembly
- Completed reload, in  1.100 seconds
Platform modules already initialized, skipping
Refreshing native plugins compatible for Editor in 0.30 ms, found 2 plugins.
Preloading 0 native plugins for Editor in 0.00 ms.
Unloading 1403 Unused Serialized files (Serialized files now loaded: 0)
System memory in use before: 77.8 MB.
System memory in use after: 77.9 MB.

Unloading 20 unused Assets to reduce memory usage. Loaded Objects now: 1950.
Total: 1.901000 ms (FindLiveObjects: 0.147500 ms CreateObjectMapping: 0.040800 ms MarkObjects: 1.647400 ms  DeleteObjects: 0.064600 ms)

========================================================================
Received Prepare
Registering precompiled user dll's ...
Registered in 0.003113 seconds.
Begin MonoManager ReloadAssembly
Native extension for WindowsStandalone target not found
Refreshing native plugins compatible for Editor in 0.33 ms, found 2 plugins.
Preloading 0 native plugins for Editor in 0.00 ms.
Mono: successfully reloaded assembly
- Completed reload, in  1.107 seconds
Platform modules already initialized, skipping
Refreshing native plugins compatible for Editor in 0.34 ms, found 2 plugins.
Preloading 0 native plugins for Editor in 0.00 ms.
Unloading 1403 Unused Serialized files (Serialized files now loaded: 0)
System memory in use before: 77.8 MB.
System memory in use after: 77.9 MB.

Unloading 19 unused Assets to reduce memory usage. Loaded Objects now: 1953.
Total: 1.778600 ms (FindLiveObjects: 0.151600 ms CreateObjectMapping: 0.045700 ms MarkObjects: 1.512500 ms  DeleteObjects: 0.067700 ms)

========================================================================
Received Prepare
Registering precompiled user dll's ...
Registered in 0.002759 seconds.
Begin MonoManager ReloadAssembly
Native extension for WindowsStandalone target not found
Refreshing native plugins compatible for Editor in 0.32 ms, found 2 plugins.
Preloading 0 native plugins for Editor in 0.00 ms.
Mono: successfully reloaded assembly
- Completed reload, in  1.071 seconds
Platform modules already initialized, skipping
Refreshing native plugins compatible for Editor in 0.33 ms, found 2 plugins.
Preloading 0 native plugins for Editor in 0.00 ms.
Unloading 1403 Unused Serialized files (Serialized files now loaded: 0)
System memory in use before: 77.8 MB.
System memory in use after: 77.9 MB.

Unloading 19 unused Assets to reduce memory usage. Loaded Objects now: 1956.
Total: 1.664200 ms (FindLiveObjects: 0.151000 ms CreateObjectMapping: 0.045000 ms MarkObjects: 1.404200 ms  DeleteObjects: 0.063200 ms)

========================================================================
Received Import Request.
  Time since last request: 262.041160 seconds.
  path: Assets/Resources/UI/Item.prefab
  artifactKey: Guid(88c47834586a2ac4c9ffb82c29e1fc48) Importer(815301076,1909f56bfc062723c751e8b465ee728b)
Start importing Assets/Resources/UI/Item.prefab using Guid(88c47834586a2ac4c9ffb82c29e1fc48) Importer(815301076,1909f56bfc062723c751e8b465ee728b)  -> (artifact id: 'de2460859b1cb3ebd197f1f3b11373e6') in 0.030955 seconds
  Import took 0.032911 seconds .

========================================================================
Received Prepare
Registering precompiled user dll's ...
Registered in 0.002516 seconds.
Begin MonoManager ReloadAssembly
Native extension for WindowsStandalone target not found
Refreshing native plugins compatible for Editor in 0.33 ms, found 2 plugins.
Preloading 0 native plugins for Editor in 0.00 ms.
Mono: successfully reloaded assembly
- Completed reload, in  1.092 seconds
Platform modules already initialized, skipping
Refreshing native plugins compatible for Editor in 0.31 ms, found 2 plugins.
Preloading 0 native plugins for Editor in 0.00 ms.
Unloading 1403 Unused Serialized files (Serialized files now loaded: 0)
System memory in use before: 77.8 MB.
System memory in use after: 77.9 MB.

Unloading 20 unused Assets to reduce memory usage. Loaded Objects now: 1959.
Total: 1.732600 ms (FindLiveObjects: 0.148500 ms CreateObjectMapping: 0.045400 ms MarkObjects: 1.469100 ms  DeleteObjects: 0.068700 ms)

========================================================================
Received Prepare
Registering precompiled user dll's ...
Registered in 0.002679 seconds.
Begin MonoManager ReloadAssembly
Native extension for WindowsStandalone target not found
Refreshing native plugins compatible for Editor in 0.31 ms, found 2 plugins.
Preloading 0 native plugins for Editor in 0.00 ms.
Mono: successfully reloaded assembly
- Completed reload, in  1.050 seconds
Platform modules already initialized, skipping
Refreshing native plugins compatible for Editor in 0.33 ms, found 2 plugins.
Preloading 0 native plugins for Editor in 0.00 ms.
Unloading 1403 Unused Serialized files (Serialized files now loaded: 0)
System memory in use before: 77.8 MB.
System memory in use after: 77.9 MB.

Unloading 19 unused Assets to reduce memory usage. Loaded Objects now: 1962.
Total: 1.723800 ms (FindLiveObjects: 0.148200 ms CreateObjectMapping: 0.045900 ms MarkObjects: 1.466700 ms  DeleteObjects: 0.062200 ms)

========================================================================
Received Prepare
Registering precompiled user dll's ...
Registered in 0.002507 seconds.
Begin MonoManager ReloadAssembly
Native extension for WindowsStandalone target not found
Refreshing native plugins compatible for Editor in 0.38 ms, found 2 plugins.
Preloading 0 native plugins for Editor in 0.00 ms.
Mono: successfully reloaded assembly
- Completed reload, in  1.107 seconds
Platform modules already initialized, skipping
Refreshing native plugins compatible for Editor in 0.33 ms, found 2 plugins.
Preloading 0 native plugins for Editor in 0.00 ms.
Unloading 1403 Unused Serialized files (Serialized files now loaded: 0)
System memory in use before: 77.8 MB.
System memory in use after: 77.9 MB.

Unloading 19 unused Assets to reduce memory usage. Loaded Objects now: 1965.
Total: 1.732300 ms (FindLiveObjects: 0.152600 ms CreateObjectMapping: 0.047400 ms MarkObjects: 1.469400 ms  DeleteObjects: 0.061900 ms)

========================================================================
Received Prepare
Registering precompiled user dll's ...
Registered in 0.002576 seconds.
Begin MonoManager ReloadAssembly
Native extension for WindowsStandalone target not found
Refreshing native plugins compatible for Editor in 0.32 ms, found 2 plugins.
Preloading 0 native plugins for Editor in 0.00 ms.
Mono: successfully reloaded assembly
- Completed reload, in  1.069 seconds
Platform modules already initialized, skipping
Refreshing native plugins compatible for Editor in 0.30 ms, found 2 plugins.
Preloading 0 native plugins for Editor in 0.00 ms.
Unloading 1403 Unused Serialized files (Serialized files now loaded: 0)
System memory in use before: 77.8 MB.
System memory in use after: 77.9 MB.

Unloading 19 unused Assets to reduce memory usage. Loaded Objects now: 1968.
Total: 1.668600 ms (FindLiveObjects: 0.155400 ms CreateObjectMapping: 0.041700 ms MarkObjects: 1.413600 ms  DeleteObjects: 0.057000 ms)

========================================================================
Received Prepare
Registering precompiled user dll's ...
Registered in 0.002657 seconds.
Begin MonoManager ReloadAssembly
Native extension for WindowsStandalone target not found
Refreshing native plugins compatible for Editor in 0.35 ms, found 2 plugins.
Preloading 0 native plugins for Editor in 0.00 ms.
Mono: successfully reloaded assembly
- Completed reload, in  1.209 seconds
Platform modules already initialized, skipping
Refreshing native plugins compatible for Editor in 0.33 ms, found 2 plugins.
Preloading 0 native plugins for Editor in 0.00 ms.
Unloading 1403 Unused Serialized files (Serialized files now loaded: 0)
System memory in use before: 77.9 MB.
System memory in use after: 77.9 MB.

Unloading 19 unused Assets to reduce memory usage. Loaded Objects now: 1971.
Total: 1.829300 ms (FindLiveObjects: 0.191300 ms CreateObjectMapping: 0.057700 ms MarkObjects: 1.514300 ms  DeleteObjects: 0.065000 ms)

========================================================================
Received Import Request.
  Time since last request: 206.809420 seconds.
  path: Assets/Resources/UI/Item.prefab
  artifactKey: Guid(88c47834586a2ac4c9ffb82c29e1fc48) Importer(815301076,1909f56bfc062723c751e8b465ee728b)
Start importing Assets/Resources/UI/Item.prefab using Guid(88c47834586a2ac4c9ffb82c29e1fc48) Importer(815301076,1909f56bfc062723c751e8b465ee728b)  -> (artifact id: '5e91bb332c5d90444ed7e05b91e05601') in 0.033579 seconds
  Import took 0.035604 seconds .

========================================================================
Received Prepare
Registering precompiled user dll's ...
Registered in 0.002454 seconds.
Begin MonoManager ReloadAssembly
Native extension for WindowsStandalone target not found
Refreshing native plugins compatible for Editor in 0.31 ms, found 2 plugins.
Preloading 0 native plugins for Editor in 0.00 ms.
Mono: successfully reloaded assembly
- Completed reload, in  1.096 seconds
Platform modules already initialized, skipping
Refreshing native plugins compatible for Editor in 0.30 ms, found 2 plugins.
Preloading 0 native plugins for Editor in 0.00 ms.
Unloading 1403 Unused Serialized files (Serialized files now loaded: 0)
System memory in use before: 77.9 MB.
System memory in use after: 77.9 MB.

Unloading 20 unused Assets to reduce memory usage. Loaded Objects now: 1974.
Total: 1.730300 ms (FindLiveObjects: 0.157500 ms CreateObjectMapping: 0.049000 ms MarkObjects: 1.457700 ms  DeleteObjects: 0.065400 ms)

========================================================================
Received Import Request.
  Time since last request: 21.634381 seconds.
  path: Assets/Resources/UI/Item.prefab
  artifactKey: Guid(88c47834586a2ac4c9ffb82c29e1fc48) Importer(815301076,1909f56bfc062723c751e8b465ee728b)
Start importing Assets/Resources/UI/Item.prefab using Guid(88c47834586a2ac4c9ffb82c29e1fc48) Importer(815301076,1909f56bfc062723c751e8b465ee728b)  -> (artifact id: 'e1fb1d04777726e06d32373fa4ba66c2') in 0.031478 seconds
  Import took 0.033407 seconds .

========================================================================
Received Import Request.
  Time since last request: 6.170366 seconds.
  path: Assets/Resources/UI/Item.prefab
  artifactKey: Guid(88c47834586a2ac4c9ffb82c29e1fc48) Importer(815301076,1909f56bfc062723c751e8b465ee728b)
Start importing Assets/Resources/UI/Item.prefab using Guid(88c47834586a2ac4c9ffb82c29e1fc48) Importer(815301076,1909f56bfc062723c751e8b465ee728b)  -> (artifact id: 'a6b3eaac69290d7b8e05b125ce63752a') in 0.003704 seconds
  Import took 0.005990 seconds .

========================================================================
Received Import Request.
  Time since last request: 2.657506 seconds.
  path: Assets/Resources/UI/Item.prefab
  artifactKey: Guid(88c47834586a2ac4c9ffb82c29e1fc48) Importer(815301076,1909f56bfc062723c751e8b465ee728b)
Start importing Assets/Resources/UI/Item.prefab using Guid(88c47834586a2ac4c9ffb82c29e1fc48) Importer(815301076,1909f56bfc062723c751e8b465ee728b)  -> (artifact id: '4b0dcbf7e235807a58edc597a1a15bb9') in 0.003278 seconds
  Import took 0.005345 seconds .

========================================================================
Received Import Request.
  Time since last request: 7.168986 seconds.
  path: Assets/Resources/UI/Item.prefab
  artifactKey: Guid(88c47834586a2ac4c9ffb82c29e1fc48) Importer(815301076,1909f56bfc062723c751e8b465ee728b)
Start importing Assets/Resources/UI/Item.prefab using Guid(88c47834586a2ac4c9ffb82c29e1fc48) Importer(815301076,1909f56bfc062723c751e8b465ee728b)  -> (artifact id: 'fdd9c271c4bac114bcbbbf5039399568') in 0.003670 seconds
  Import took 0.005944 seconds .

========================================================================
Received Import Request.
  Time since last request: 10.329902 seconds.
  path: Assets/Resources/UI/Item.prefab
  artifactKey: Guid(88c47834586a2ac4c9ffb82c29e1fc48) Importer(815301076,1909f56bfc062723c751e8b465ee728b)
Start importing Assets/Resources/UI/Item.prefab using Guid(88c47834586a2ac4c9ffb82c29e1fc48) Importer(815301076,1909f56bfc062723c751e8b465ee728b)  -> (artifact id: '32a98daa8c3b24041af3697125b3fb71') in 0.003222 seconds
  Import took 0.005352 seconds .

========================================================================
Received Import Request.
  Time since last request: 3.837386 seconds.
  path: Assets/Resources/UI/Item.prefab
  artifactKey: Guid(88c47834586a2ac4c9ffb82c29e1fc48) Importer(815301076,1909f56bfc062723c751e8b465ee728b)
Start importing Assets/Resources/UI/Item.prefab using Guid(88c47834586a2ac4c9ffb82c29e1fc48) Importer(815301076,1909f56bfc062723c751e8b465ee728b)  -> (artifact id: '47b16dc4950f9981cdae48801828d507') in 0.003160 seconds
  Import took 0.005318 seconds .

========================================================================
Received Import Request.
  Time since last request: 2.018793 seconds.
  path: Assets/Resources/UI/Item.prefab
  artifactKey: Guid(88c47834586a2ac4c9ffb82c29e1fc48) Importer(815301076,1909f56bfc062723c751e8b465ee728b)
Start importing Assets/Resources/UI/Item.prefab using Guid(88c47834586a2ac4c9ffb82c29e1fc48) Importer(815301076,1909f56bfc062723c751e8b465ee728b)  -> (artifact id: '2dc4cccc08334c3c7456a8df8ebb9673') in 0.003066 seconds
  Import took 0.005222 seconds .

========================================================================
Received Prepare
Registering precompiled user dll's ...
Registered in 0.002957 seconds.
Begin MonoManager ReloadAssembly
Native extension for WindowsStandalone target not found
Refreshing native plugins compatible for Editor in 0.32 ms, found 2 plugins.
Preloading 0 native plugins for Editor in 0.00 ms.
Mono: successfully reloaded assembly
- Completed reload, in  1.109 seconds
Platform modules already initialized, skipping
Refreshing native plugins compatible for Editor in 0.33 ms, found 2 plugins.
Preloading 0 native plugins for Editor in 0.00 ms.
Unloading 1403 Unused Serialized files (Serialized files now loaded: 0)
System memory in use before: 77.9 MB.
System memory in use after: 77.9 MB.

Unloading 20 unused Assets to reduce memory usage. Loaded Objects now: 1977.
Total: 1.660200 ms (FindLiveObjects: 0.146100 ms CreateObjectMapping: 0.040900 ms MarkObjects: 1.408700 ms  DeleteObjects: 0.063700 ms)

========================================================================
Received Import Request.
  Time since last request: 41.981418 seconds.
  path: Assets/Resources/UI/Item.prefab
  artifactKey: Guid(88c47834586a2ac4c9ffb82c29e1fc48) Importer(815301076,1909f56bfc062723c751e8b465ee728b)
Start importing Assets/Resources/UI/Item.prefab using Guid(88c47834586a2ac4c9ffb82c29e1fc48) Importer(815301076,1909f56bfc062723c751e8b465ee728b)  -> (artifact id: '182f8143dfc7bfd28d415cadbdd89211') in 0.030266 seconds
  Import took 0.032350 seconds .

========================================================================
Received Prepare
Registering precompiled user dll's ...
Registered in 0.002591 seconds.
Begin MonoManager ReloadAssembly
Native extension for WindowsStandalone target not found
Refreshing native plugins compatible for Editor in 0.32 ms, found 2 plugins.
Preloading 0 native plugins for Editor in 0.00 ms.
Mono: successfully reloaded assembly
- Completed reload, in  1.073 seconds
Platform modules already initialized, skipping
Refreshing native plugins compatible for Editor in 0.30 ms, found 2 plugins.
Preloading 0 native plugins for Editor in 0.00 ms.
Unloading 1403 Unused Serialized files (Serialized files now loaded: 0)
System memory in use before: 77.9 MB.
System memory in use after: 77.9 MB.

Unloading 19 unused Assets to reduce memory usage. Loaded Objects now: 1980.
Total: 1.678000 ms (FindLiveObjects: 0.158300 ms CreateObjectMapping: 0.055500 ms MarkObjects: 1.404000 ms  DeleteObjects: 0.059100 ms)

========================================================================
Received Import Request.
  Time since last request: 10.432163 seconds.
  path: Assets/Resources/UI/Item.prefab
  artifactKey: Guid(88c47834586a2ac4c9ffb82c29e1fc48) Importer(815301076,1909f56bfc062723c751e8b465ee728b)
Start importing Assets/Resources/UI/Item.prefab using Guid(88c47834586a2ac4c9ffb82c29e1fc48) Importer(815301076,1909f56bfc062723c751e8b465ee728b)  -> (artifact id: '136f396c926595744df5a7ac75ea5b2e') in 0.028568 seconds
  Import took 0.030468 seconds .

========================================================================
Received Import Request.
  Time since last request: 0.553267 seconds.
  path: Assets/Resources/UI/Item.prefab
  artifactKey: Guid(88c47834586a2ac4c9ffb82c29e1fc48) Importer(815301076,1909f56bfc062723c751e8b465ee728b)
Start importing Assets/Resources/UI/Item.prefab using Guid(88c47834586a2ac4c9ffb82c29e1fc48) Importer(815301076,1909f56bfc062723c751e8b465ee728b)  -> (artifact id: '074689913ab5fb573f28d1ce3dfeda1f') in 0.003092 seconds
  Import took 0.005209 seconds .

========================================================================
Received Prepare
Registering precompiled user dll's ...
Registered in 0.002508 seconds.
Begin MonoManager ReloadAssembly
Native extension for WindowsStandalone target not found
Refreshing native plugins compatible for Editor in 0.31 ms, found 2 plugins.
Preloading 0 native plugins for Editor in 0.00 ms.
Mono: successfully reloaded assembly
- Completed reload, in  1.046 seconds
Platform modules already initialized, skipping
Refreshing native plugins compatible for Editor in 0.30 ms, found 2 plugins.
Preloading 0 native plugins for Editor in 0.00 ms.
Unloading 1403 Unused Serialized files (Serialized files now loaded: 0)
System memory in use before: 77.9 MB.
System memory in use after: 77.9 MB.

Unloading 19 unused Assets to reduce memory usage. Loaded Objects now: 1983.
Total: 1.781300 ms (FindLiveObjects: 0.159200 ms CreateObjectMapping: 0.049600 ms MarkObjects: 1.505500 ms  DeleteObjects: 0.065900 ms)

========================================================================
Received Prepare
Registering precompiled user dll's ...
Registered in 0.002703 seconds.
Begin MonoManager ReloadAssembly
Native extension for WindowsStandalone target not found
Refreshing native plugins compatible for Editor in 0.35 ms, found 2 plugins.
Preloading 0 native plugins for Editor in 0.00 ms.
Mono: successfully reloaded assembly
- Completed reload, in  1.089 seconds
Platform modules already initialized, skipping
Refreshing native plugins compatible for Editor in 0.33 ms, found 2 plugins.
Preloading 0 native plugins for Editor in 0.00 ms.
Unloading 1403 Unused Serialized files (Serialized files now loaded: 0)
System memory in use before: 77.9 MB.
System memory in use after: 77.9 MB.

Unloading 19 unused Assets to reduce memory usage. Loaded Objects now: 1986.
Total: 1.784600 ms (FindLiveObjects: 0.153200 ms CreateObjectMapping: 0.047300 ms MarkObjects: 1.514700 ms  DeleteObjects: 0.068300 ms)

========================================================================
Received Prepare
Registering precompiled user dll's ...
Registered in 0.002558 seconds.
Begin MonoManager ReloadAssembly
Native extension for WindowsStandalone target not found
Refreshing native plugins compatible for Editor in 0.32 ms, found 2 plugins.
Preloading 0 native plugins for Editor in 0.00 ms.
Mono: successfully reloaded assembly
- Completed reload, in  1.115 seconds
Platform modules already initialized, skipping
Refreshing native plugins compatible for Editor in 0.32 ms, found 2 plugins.
Preloading 0 native plugins for Editor in 0.00 ms.
Unloading 1403 Unused Serialized files (Serialized files now loaded: 0)
System memory in use before: 77.9 MB.
System memory in use after: 78.0 MB.

Unloading 19 unused Assets to reduce memory usage. Loaded Objects now: 1989.
Total: 1.747300 ms (FindLiveObjects: 0.154600 ms CreateObjectMapping: 0.044700 ms MarkObjects: 1.480900 ms  DeleteObjects: 0.066100 ms)

========================================================================
Received Import Request.
  Time since last request: 362.855390 seconds.
  path: Assets/Resources/UI/Item.prefab
  artifactKey: Guid(88c47834586a2ac4c9ffb82c29e1fc48) Importer(815301076,1909f56bfc062723c751e8b465ee728b)
Start importing Assets/Resources/UI/Item.prefab using Guid(88c47834586a2ac4c9ffb82c29e1fc48) Importer(815301076,1909f56bfc062723c751e8b465ee728b)  -> (artifact id: '23bfa1c458b98d11f6baaa9519db4fc8') in 0.032496 seconds
  Import took 0.035094 seconds .

========================================================================
Received Import Request.
  Time since last request: 1.092640 seconds.
  path: Assets/Resources/UI/Item.prefab
  artifactKey: Guid(88c47834586a2ac4c9ffb82c29e1fc48) Importer(815301076,1909f56bfc062723c751e8b465ee728b)
Start importing Assets/Resources/UI/Item.prefab using Guid(88c47834586a2ac4c9ffb82c29e1fc48) Importer(815301076,1909f56bfc062723c751e8b465ee728b)  -> (artifact id: '23bfa1c458b98d11f6baaa9519db4fc8') in 0.002965 seconds
  Import took 0.004951 seconds .

========================================================================
Received Prepare
Registering precompiled user dll's ...
Registered in 0.002554 seconds.
Begin MonoManager ReloadAssembly
Native extension for WindowsStandalone target not found
Refreshing native plugins compatible for Editor in 0.32 ms, found 2 plugins.
Preloading 0 native plugins for Editor in 0.00 ms.
Mono: successfully reloaded assembly
- Completed reload, in  1.101 seconds
Platform modules already initialized, skipping
Refreshing native plugins compatible for Editor in 0.33 ms, found 2 plugins.
Preloading 0 native plugins for Editor in 0.00 ms.
Unloading 1403 Unused Serialized files (Serialized files now loaded: 0)
System memory in use before: 77.9 MB.
System memory in use after: 78.0 MB.

Unloading 19 unused Assets to reduce memory usage. Loaded Objects now: 1992.
Total: 1.871500 ms (FindLiveObjects: 0.208200 ms CreateObjectMapping: 0.059700 ms MarkObjects: 1.531100 ms  DeleteObjects: 0.071500 ms)

========================================================================
Received Import Request.
  Time since last request: 125.881012 seconds.
  path: Assets/Resources/UI/Item.prefab
  artifactKey: Guid(88c47834586a2ac4c9ffb82c29e1fc48) Importer(815301076,1909f56bfc062723c751e8b465ee728b)
Start importing Assets/Resources/UI/Item.prefab using Guid(88c47834586a2ac4c9ffb82c29e1fc48) Importer(815301076,1909f56bfc062723c751e8b465ee728b)  -> (artifact id: '88d1b71eb2d5e5e3bbadde363013d5ab') in 0.032368 seconds
  Import took 0.034536 seconds .

========================================================================
Received Import Request.
  Time since last request: 0.866629 seconds.
  path: Assets/Resources/UI/Item.prefab
  artifactKey: Guid(88c47834586a2ac4c9ffb82c29e1fc48) Importer(815301076,1909f56bfc062723c751e8b465ee728b)
Start importing Assets/Resources/UI/Item.prefab using Guid(88c47834586a2ac4c9ffb82c29e1fc48) Importer(815301076,1909f56bfc062723c751e8b465ee728b)  -> (artifact id: '88d1b71eb2d5e5e3bbadde363013d5ab') in 0.002984 seconds
  Import took 0.005357 seconds .

========================================================================
Received Prepare
Registering precompiled user dll's ...
Registered in 0.002699 seconds.
Begin MonoManager ReloadAssembly
Native extension for WindowsStandalone target not found
Refreshing native plugins compatible for Editor in 0.34 ms, found 2 plugins.
Preloading 0 native plugins for Editor in 0.00 ms.
Mono: successfully reloaded assembly
- Completed reload, in  1.128 seconds
Platform modules already initialized, skipping
Refreshing native plugins compatible for Editor in 0.35 ms, found 2 plugins.
Preloading 0 native plugins for Editor in 0.00 ms.
Unloading 1403 Unused Serialized files (Serialized files now loaded: 0)
System memory in use before: 77.9 MB.
System memory in use after: 78.0 MB.

Unloading 19 unused Assets to reduce memory usage. Loaded Objects now: 1995.
Total: 1.820500 ms (FindLiveObjects: 0.158800 ms CreateObjectMapping: 0.048200 ms MarkObjects: 1.546600 ms  DeleteObjects: 0.065900 ms)

========================================================================
Received Prepare
Registering precompiled user dll's ...
Registered in 0.002561 seconds.
Begin MonoManager ReloadAssembly
Native extension for WindowsStandalone target not found
Refreshing native plugins compatible for Editor in 0.33 ms, found 2 plugins.
Preloading 0 native plugins for Editor in 0.00 ms.
Mono: successfully reloaded assembly
- Completed reload, in  1.126 seconds
Platform modules already initialized, skipping
Refreshing native plugins compatible for Editor in 0.32 ms, found 2 plugins.
Preloading 0 native plugins for Editor in 0.00 ms.
Unloading 1403 Unused Serialized files (Serialized files now loaded: 0)
System memory in use before: 77.9 MB.
System memory in use after: 78.0 MB.

Unloading 19 unused Assets to reduce memory usage. Loaded Objects now: 1998.
Total: 1.966200 ms (FindLiveObjects: 0.153000 ms CreateObjectMapping: 0.049400 ms MarkObjects: 1.695300 ms  DeleteObjects: 0.067200 ms)

========================================================================
Received Prepare
Registering precompiled user dll's ...
Registered in 0.002714 seconds.
Begin MonoManager ReloadAssembly
Native extension for WindowsStandalone target not found
Refreshing native plugins compatible for Editor in 0.31 ms, found 2 plugins.
Preloading 0 native plugins for Editor in 0.00 ms.
Mono: successfully reloaded assembly
- Completed reload, in  1.073 seconds
Platform modules already initialized, skipping
Refreshing native plugins compatible for Editor in 0.34 ms, found 2 plugins.
Preloading 0 native plugins for Editor in 0.00 ms.
Unloading 1403 Unused Serialized files (Serialized files now loaded: 0)
System memory in use before: 77.9 MB.
System memory in use after: 78.0 MB.

Unloading 19 unused Assets to reduce memory usage. Loaded Objects now: 2001.
Total: 1.697500 ms (FindLiveObjects: 0.154400 ms CreateObjectMapping: 0.044700 ms MarkObjects: 1.433700 ms  DeleteObjects: 0.063900 ms)

AssetImportWorkerClient::OnTransportError - code=2 error=End of file
