Using pre-set license
Built from '2020.3/staging' branch; Version is '2020.3.10f1 (297d780c91bc) revision 2719096'; Using compiler version '192528614'; Build Type 'Release'
OS: 'Windows 10 Pro; OS build 19043.928; Version 2009; 64bit' Language: 'zh' Physical Memory: 16208 MB
BatchMode: 1, IsHumanControllingUs: 0, StartBugReporterOnCrash: 0, Is64bit: 1, IsPro: 0

 COMMAND LINE ARGUMENTS:
C:\Program Files\Unity\Editor\Unity.exe
-adb2
-batchMode
-noUpm
-name
AssetImportWorker0
-projectPath
D:/Unity3D/Signin
-logFile
Logs/AssetImportWorker0.log
-srvPort
60737
Successfully changed project path to: D:/Unity3D/Signin
D:/Unity3D/Signin
Using Asset Import Pipeline V2.
Refreshing native plugins compatible for Editor in 22.59 ms, found 2 plugins.
Preloading 0 native plugins for Editor in 0.00 ms.
Initialize engine version: 2020.3.10f1 (297d780c91bc)
[Subsystems] Discovering subsystems at path C:/Program Files/Unity/Editor/Data/Resources/UnitySubsystems
[Subsystems] Discovering subsystems at path D:/Unity3D/Signin/Assets
GfxDevice: creating device client; threaded=0
Direct3D:
    Version:  Direct3D 11.0 [level 11.1]
    Renderer: NVIDIA GeForce GTX 1650 SUPER (ID=0x2187)
    Vendor:   
    VRAM:     3955 MB
    Driver:   27.21.14.5785
Initialize mono
Mono path[0] = 'C:/Program Files/Unity/Editor/Data/Managed'
Mono path[1] = 'C:/Program Files/Unity/Editor/Data/MonoBleedingEdge/lib/mono/unityjit'
Mono config path = 'C:/Program Files/Unity/Editor/Data/MonoBleedingEdge/etc'
Using monoOptions --debugger-agent=transport=dt_socket,embedding=1,server=y,suspend=n,address=127.0.0.1:56528
Begin MonoManager ReloadAssembly
Registering precompiled unity dll's ...
Register platform support module: C:/Program Files/Unity/Editor/Data/PlaybackEngines/WindowsStandaloneSupport/UnityEditor.WindowsStandalone.Extensions.dll
Registered in 0.002305 seconds.
Native extension for WindowsStandalone target not found
Refreshing native plugins compatible for Editor in 21.77 ms, found 2 plugins.
Preloading 0 native plugins for Editor in 0.00 ms.
Mono: successfully reloaded assembly
- Completed reload, in  0.909 seconds
Platform modules already initialized, skipping
Registering precompiled user dll's ...
Registered in 0.002284 seconds.
Begin MonoManager ReloadAssembly
Native extension for WindowsStandalone target not found
Refreshing native plugins compatible for Editor in 0.29 ms, found 2 plugins.
Preloading 0 native plugins for Editor in 0.00 ms.
DisplayProgressbar: Restoring NuGet Packages
Mono: successfully reloaded assembly
- Completed reload, in  1.009 seconds
Platform modules already initialized, skipping
========================================================================
Worker process is ready to serve import requests
Launched and connected shader compiler UnityShaderCompiler.exe after 0.06 seconds
Refreshing native plugins compatible for Editor in 0.30 ms, found 2 plugins.
Preloading 0 native plugins for Editor in 0.00 ms.
Unloading 1408 Unused Serialized files (Serialized files now loaded: 0)
System memory in use before: 77.7 MB.
System memory in use after: 77.7 MB.

Unloading 23 unused Assets to reduce memory usage. Loaded Objects now: 1856.
Total: 1.520400 ms (FindLiveObjects: 0.130200 ms CreateObjectMapping: 0.038500 ms MarkObjects: 1.277500 ms  DeleteObjects: 0.073100 ms)

========================================================================
Received Import Request.
  path: Assets/Resources/signin.txt
  artifactKey: Guid(c1fd39c5fce13064596d3500f30ea0da) Importer(815301076,1909f56bfc062723c751e8b465ee728b)
Start importing Assets/Resources/signin.txt using Guid(c1fd39c5fce13064596d3500f30ea0da) Importer(815301076,1909f56bfc062723c751e8b465ee728b)  -> (artifact id: '71003555e47790a82613b54376fd14d6') in 0.027964 seconds
  Import took 0.029687 seconds .

========================================================================
Received Prepare
Registering precompiled user dll's ...
Registered in 0.002264 seconds.
Begin MonoManager ReloadAssembly
Native extension for WindowsStandalone target not found
Refreshing native plugins compatible for Editor in 0.29 ms, found 2 plugins.
Preloading 0 native plugins for Editor in 0.00 ms.
Mono: successfully reloaded assembly
- Completed reload, in  0.948 seconds
Platform modules already initialized, skipping
Refreshing native plugins compatible for Editor in 0.29 ms, found 2 plugins.
Preloading 0 native plugins for Editor in 0.00 ms.
Unloading 1402 Unused Serialized files (Serialized files now loaded: 0)
System memory in use before: 77.5 MB.
System memory in use after: 77.6 MB.

Unloading 18 unused Assets to reduce memory usage. Loaded Objects now: 1859.
Total: 1.521800 ms (FindLiveObjects: 0.136700 ms CreateObjectMapping: 0.040700 ms MarkObjects: 1.291200 ms  DeleteObjects: 0.052600 ms)

========================================================================
Received Prepare
Registering precompiled user dll's ...
Registered in 0.002243 seconds.
Begin MonoManager ReloadAssembly
Native extension for WindowsStandalone target not found
Refreshing native plugins compatible for Editor in 0.29 ms, found 2 plugins.
Preloading 0 native plugins for Editor in 0.00 ms.
Mono: successfully reloaded assembly
- Completed reload, in  0.964 seconds
Platform modules already initialized, skipping
Refreshing native plugins compatible for Editor in 0.30 ms, found 2 plugins.
Preloading 0 native plugins for Editor in 0.00 ms.
Unloading 1402 Unused Serialized files (Serialized files now loaded: 0)
System memory in use before: 77.5 MB.
System memory in use after: 77.6 MB.

Unloading 18 unused Assets to reduce memory usage. Loaded Objects now: 1862.
Total: 1.663900 ms (FindLiveObjects: 0.124100 ms CreateObjectMapping: 0.038400 ms MarkObjects: 1.437800 ms  DeleteObjects: 0.062900 ms)

========================================================================
Received Prepare
Registering precompiled user dll's ...
Registered in 0.002268 seconds.
Begin MonoManager ReloadAssembly
Native extension for WindowsStandalone target not found
Refreshing native plugins compatible for Editor in 0.29 ms, found 2 plugins.
Preloading 0 native plugins for Editor in 0.00 ms.
Mono: successfully reloaded assembly
- Completed reload, in  0.934 seconds
Platform modules already initialized, skipping
Refreshing native plugins compatible for Editor in 0.29 ms, found 2 plugins.
Preloading 0 native plugins for Editor in 0.00 ms.
Unloading 1402 Unused Serialized files (Serialized files now loaded: 0)
System memory in use before: 77.5 MB.
System memory in use after: 77.6 MB.

Unloading 18 unused Assets to reduce memory usage. Loaded Objects now: 1865.
Total: 2.685900 ms (FindLiveObjects: 0.160800 ms CreateObjectMapping: 0.064300 ms MarkObjects: 2.383800 ms  DeleteObjects: 0.075400 ms)

========================================================================
Received Prepare
Registering precompiled user dll's ...
Registered in 0.002369 seconds.
Begin MonoManager ReloadAssembly
Native extension for WindowsStandalone target not found
Refreshing native plugins compatible for Editor in 0.30 ms, found 2 plugins.
Preloading 0 native plugins for Editor in 0.00 ms.
Mono: successfully reloaded assembly
- Completed reload, in  0.935 seconds
Platform modules already initialized, skipping
Refreshing native plugins compatible for Editor in 0.36 ms, found 2 plugins.
Preloading 0 native plugins for Editor in 0.00 ms.
Unloading 1402 Unused Serialized files (Serialized files now loaded: 0)
System memory in use before: 77.6 MB.
System memory in use after: 77.6 MB.

Unloading 18 unused Assets to reduce memory usage. Loaded Objects now: 1868.
Total: 1.531100 ms (FindLiveObjects: 0.120800 ms CreateObjectMapping: 0.038200 ms MarkObjects: 1.321100 ms  DeleteObjects: 0.050300 ms)

========================================================================
Received Prepare
Registering precompiled user dll's ...
Registered in 0.002228 seconds.
Begin MonoManager ReloadAssembly
Native extension for WindowsStandalone target not found
Refreshing native plugins compatible for Editor in 0.30 ms, found 2 plugins.
Preloading 0 native plugins for Editor in 0.00 ms.
Mono: successfully reloaded assembly
- Completed reload, in  0.945 seconds
Platform modules already initialized, skipping
Refreshing native plugins compatible for Editor in 0.30 ms, found 2 plugins.
Preloading 0 native plugins for Editor in 0.00 ms.
Unloading 1402 Unused Serialized files (Serialized files now loaded: 0)
System memory in use before: 77.6 MB.
System memory in use after: 77.6 MB.

Unloading 18 unused Assets to reduce memory usage. Loaded Objects now: 1871.
Total: 1.494900 ms (FindLiveObjects: 0.132100 ms CreateObjectMapping: 0.038800 ms MarkObjects: 1.275500 ms  DeleteObjects: 0.047700 ms)

========================================================================
Received Prepare
Registering precompiled user dll's ...
Registered in 0.002282 seconds.
Begin MonoManager ReloadAssembly
Native extension for WindowsStandalone target not found
Refreshing native plugins compatible for Editor in 0.29 ms, found 2 plugins.
Preloading 0 native plugins for Editor in 0.00 ms.
Mono: successfully reloaded assembly
- Completed reload, in  0.950 seconds
Platform modules already initialized, skipping
Refreshing native plugins compatible for Editor in 0.29 ms, found 2 plugins.
Preloading 0 native plugins for Editor in 0.00 ms.
Unloading 1402 Unused Serialized files (Serialized files now loaded: 0)
System memory in use before: 77.6 MB.
System memory in use after: 77.6 MB.

Unloading 18 unused Assets to reduce memory usage. Loaded Objects now: 1874.
Total: 1.535100 ms (FindLiveObjects: 0.120600 ms CreateObjectMapping: 0.035300 ms MarkObjects: 1.331600 ms  DeleteObjects: 0.046600 ms)

========================================================================
Received Prepare
Registering precompiled user dll's ...
Registered in 0.002298 seconds.
Begin MonoManager ReloadAssembly
Native extension for WindowsStandalone target not found
Refreshing native plugins compatible for Editor in 0.30 ms, found 2 plugins.
Preloading 0 native plugins for Editor in 0.00 ms.
Mono: successfully reloaded assembly
- Completed reload, in  0.936 seconds
Platform modules already initialized, skipping
Refreshing native plugins compatible for Editor in 0.33 ms, found 2 plugins.
Preloading 0 native plugins for Editor in 0.00 ms.
Unloading 1402 Unused Serialized files (Serialized files now loaded: 0)
System memory in use before: 77.6 MB.
System memory in use after: 77.7 MB.

Unloading 18 unused Assets to reduce memory usage. Loaded Objects now: 1877.
Total: 1.435500 ms (FindLiveObjects: 0.119800 ms CreateObjectMapping: 0.036600 ms MarkObjects: 1.233500 ms  DeleteObjects: 0.044400 ms)

========================================================================
Received Import Request.
  Time since last request: 504.925412 seconds.
  path: Assets/NuGet
  artifactKey: Guid(217cb7caed5f7fb49b339428b1d80974) Importer(815301076,1909f56bfc062723c751e8b465ee728b)
Start importing Assets/NuGet using Guid(217cb7caed5f7fb49b339428b1d80974) Importer(815301076,1909f56bfc062723c751e8b465ee728b)  -> (artifact id: '9a4a6931c38724e3135a693db1c2d0eb') in 0.003642 seconds
  Import took 0.005573 seconds .

========================================================================
Received Import Request.
  Time since last request: 0.000606 seconds.
  path: Assets/NuGet
  artifactKey: Guid(217cb7caed5f7fb49b339428b1d80974) Importer(815301076,1909f56bfc062723c751e8b465ee728b)
Start importing Assets/NuGet using Guid(217cb7caed5f7fb49b339428b1d80974) Importer(815301076,1909f56bfc062723c751e8b465ee728b)  -> (artifact id: '9a4a6931c38724e3135a693db1c2d0eb') in 0.001504 seconds
  Import took 0.003364 seconds .

========================================================================
Received Import Request.
  Time since last request: 0.566078 seconds.
  path: Assets/Packages
  artifactKey: Guid(748ced4d05d711242853236e8f949c4a) Importer(815301076,1909f56bfc062723c751e8b465ee728b)
Start importing Assets/Packages using Guid(748ced4d05d711242853236e8f949c4a) Importer(815301076,1909f56bfc062723c751e8b465ee728b)  -> (artifact id: 'c7d9ef8120fdcdd4a87e111b6825697d') in 0.001668 seconds
  Import took 0.003551 seconds .

========================================================================
Received Prepare
Registering precompiled user dll's ...
Registered in 0.002241 seconds.
Begin MonoManager ReloadAssembly
Native extension for WindowsStandalone target not found
Refreshing native plugins compatible for Editor in 0.32 ms, found 2 plugins.
Preloading 0 native plugins for Editor in 0.00 ms.
Mono: successfully reloaded assembly
- Completed reload, in  0.935 seconds
Platform modules already initialized, skipping
Refreshing native plugins compatible for Editor in 0.30 ms, found 2 plugins.
Preloading 0 native plugins for Editor in 0.00 ms.
Unloading 1402 Unused Serialized files (Serialized files now loaded: 0)
System memory in use before: 77.6 MB.
System memory in use after: 77.7 MB.

Unloading 18 unused Assets to reduce memory usage. Loaded Objects now: 1880.
Total: 1.452300 ms (FindLiveObjects: 0.123600 ms CreateObjectMapping: 0.037100 ms MarkObjects: 1.247200 ms  DeleteObjects: 0.043200 ms)

========================================================================
Received Import Request.
  Time since last request: 20.363996 seconds.
  path: Assets/Resources/UI/Signin.prefab
  artifactKey: Guid(5baed6adbd1bee34098f0515835bb63f) Importer(815301076,1909f56bfc062723c751e8b465ee728b)
Start importing Assets/Resources/UI/Signin.prefab using Guid(5baed6adbd1bee34098f0515835bb63f) Importer(815301076,1909f56bfc062723c751e8b465ee728b)  -> (artifact id: '86a6358656bc45ecd0af189b9832c556') in 0.035154 seconds
  Import took 0.036960 seconds .

========================================================================
Received Import Request.
  Time since last request: 3.571499 seconds.
  path: Assets/Resources/UI/Signin.prefab
  artifactKey: Guid(5baed6adbd1bee34098f0515835bb63f) Importer(815301076,1909f56bfc062723c751e8b465ee728b)
Start importing Assets/Resources/UI/Signin.prefab using Guid(5baed6adbd1bee34098f0515835bb63f) Importer(815301076,1909f56bfc062723c751e8b465ee728b)  -> (artifact id: 'de92ae353399e4a34f20bf7d7453ae99') in 0.003116 seconds
  Import took 0.005198 seconds .

========================================================================
Received Import Request.
  Time since last request: 2.412228 seconds.
  path: Assets/Resources/UI/Signin.prefab
  artifactKey: Guid(5baed6adbd1bee34098f0515835bb63f) Importer(815301076,1909f56bfc062723c751e8b465ee728b)
Start importing Assets/Resources/UI/Signin.prefab using Guid(5baed6adbd1bee34098f0515835bb63f) Importer(815301076,1909f56bfc062723c751e8b465ee728b)  -> (artifact id: '6c27a2ade7b431842c3aa8775949b5ef') in 0.003194 seconds
  Import took 0.005275 seconds .

========================================================================
Received Import Request.
  Time since last request: 7.612649 seconds.
  path: Assets/Resources/UI/Signin.prefab
  artifactKey: Guid(5baed6adbd1bee34098f0515835bb63f) Importer(815301076,1909f56bfc062723c751e8b465ee728b)
Start importing Assets/Resources/UI/Signin.prefab using Guid(5baed6adbd1bee34098f0515835bb63f) Importer(815301076,1909f56bfc062723c751e8b465ee728b)  -> (artifact id: 'a0154999fd9025d3018856da04f0baf3') in 0.003530 seconds
  Import took 0.005513 seconds .

========================================================================
Received Prepare
Registering precompiled user dll's ...
Registered in 0.002248 seconds.
Begin MonoManager ReloadAssembly
Native extension for WindowsStandalone target not found
Refreshing native plugins compatible for Editor in 0.35 ms, found 2 plugins.
Preloading 0 native plugins for Editor in 0.00 ms.
Mono: successfully reloaded assembly
- Completed reload, in  0.968 seconds
Platform modules already initialized, skipping
Refreshing native plugins compatible for Editor in 0.29 ms, found 2 plugins.
Preloading 0 native plugins for Editor in 0.00 ms.
Unloading 1402 Unused Serialized files (Serialized files now loaded: 0)
System memory in use before: 77.6 MB.
System memory in use after: 77.7 MB.

Unloading 19 unused Assets to reduce memory usage. Loaded Objects now: 1883.
Total: 1.697900 ms (FindLiveObjects: 0.138400 ms CreateObjectMapping: 0.043300 ms MarkObjects: 1.459400 ms  DeleteObjects: 0.055900 ms)

========================================================================
Received Import Request.
  Time since last request: 403.329303 seconds.
  path: Assets/Resources/UI/Signin.prefab
  artifactKey: Guid(5baed6adbd1bee34098f0515835bb63f) Importer(815301076,1909f56bfc062723c751e8b465ee728b)
Start importing Assets/Resources/UI/Signin.prefab using Guid(5baed6adbd1bee34098f0515835bb63f) Importer(815301076,1909f56bfc062723c751e8b465ee728b)  -> (artifact id: '072668deba56c94728348448851ad78b') in 0.030235 seconds
  Import took 0.032270 seconds .

========================================================================
Received Import Request.
  Time since last request: 3.460358 seconds.
  path: Assets/Prefab/PanelTe.prefab
  artifactKey: Guid(7e120c032b506ed41a4fa9835120121a) Importer(815301076,1909f56bfc062723c751e8b465ee728b)
Start importing Assets/Prefab/PanelTe.prefab using Guid(7e120c032b506ed41a4fa9835120121a) Importer(815301076,1909f56bfc062723c751e8b465ee728b)  -> (artifact id: '267abacbf598434082b635aeb79e54dd') in 0.004373 seconds
  Import took 0.006500 seconds .

========================================================================
Received Import Request.
  Time since last request: 18.051114 seconds.
  path: Assets/Resources/UI/Signin.prefab
  artifactKey: Guid(5baed6adbd1bee34098f0515835bb63f) Importer(815301076,1909f56bfc062723c751e8b465ee728b)
Start importing Assets/Resources/UI/Signin.prefab using Guid(5baed6adbd1bee34098f0515835bb63f) Importer(815301076,1909f56bfc062723c751e8b465ee728b)  -> (artifact id: 'c579049fd8f1b51c58610ffe408c48b8') in 0.003276 seconds
  Import took 0.005362 seconds .

========================================================================
Received Prepare
Registering precompiled user dll's ...
Registered in 0.002196 seconds.
Begin MonoManager ReloadAssembly
Native extension for WindowsStandalone target not found
Refreshing native plugins compatible for Editor in 0.30 ms, found 2 plugins.
Preloading 0 native plugins for Editor in 0.00 ms.
Mono: successfully reloaded assembly
- Completed reload, in  0.958 seconds
Platform modules already initialized, skipping
Refreshing native plugins compatible for Editor in 0.30 ms, found 2 plugins.
Preloading 0 native plugins for Editor in 0.00 ms.
Unloading 1402 Unused Serialized files (Serialized files now loaded: 0)
System memory in use before: 77.7 MB.
System memory in use after: 77.8 MB.

Unloading 19 unused Assets to reduce memory usage. Loaded Objects now: 1888.
Total: 1.459700 ms (FindLiveObjects: 0.121000 ms CreateObjectMapping: 0.037400 ms MarkObjects: 1.252900 ms  DeleteObjects: 0.047700 ms)

========================================================================
Received Prepare
Registering precompiled user dll's ...
Registered in 0.002166 seconds.
Begin MonoManager ReloadAssembly
Native extension for WindowsStandalone target not found
Refreshing native plugins compatible for Editor in 0.32 ms, found 2 plugins.
Preloading 0 native plugins for Editor in 0.00 ms.
Mono: successfully reloaded assembly
- Completed reload, in  0.932 seconds
Platform modules already initialized, skipping
Refreshing native plugins compatible for Editor in 0.32 ms, found 2 plugins.
Preloading 0 native plugins for Editor in 0.00 ms.
Unloading 1402 Unused Serialized files (Serialized files now loaded: 0)
System memory in use before: 77.7 MB.
System memory in use after: 77.8 MB.

Unloading 18 unused Assets to reduce memory usage. Loaded Objects now: 1891.
Total: 1.449000 ms (FindLiveObjects: 0.115300 ms CreateObjectMapping: 0.036400 ms MarkObjects: 1.256100 ms  DeleteObjects: 0.040300 ms)

========================================================================
Received Import Request.
  Time since last request: 241.507396 seconds.
  path: Assets/Resources/UI/Signin.prefab
  artifactKey: Guid(5baed6adbd1bee34098f0515835bb63f) Importer(815301076,1909f56bfc062723c751e8b465ee728b)
Start importing Assets/Resources/UI/Signin.prefab using Guid(5baed6adbd1bee34098f0515835bb63f) Importer(815301076,1909f56bfc062723c751e8b465ee728b)  -> (artifact id: 'ca77a2773c98a9941d9a9f30eb221466') in 0.028880 seconds
  Import took 0.030770 seconds .

========================================================================
Received Prepare
Registering precompiled user dll's ...
Registered in 0.002209 seconds.
Begin MonoManager ReloadAssembly
Native extension for WindowsStandalone target not found
Refreshing native plugins compatible for Editor in 0.39 ms, found 2 plugins.
Preloading 0 native plugins for Editor in 0.00 ms.
Mono: successfully reloaded assembly
- Completed reload, in  0.937 seconds
Platform modules already initialized, skipping
Refreshing native plugins compatible for Editor in 0.31 ms, found 2 plugins.
Preloading 0 native plugins for Editor in 0.00 ms.
Unloading 1402 Unused Serialized files (Serialized files now loaded: 0)
System memory in use before: 77.7 MB.
System memory in use after: 77.8 MB.

Unloading 19 unused Assets to reduce memory usage. Loaded Objects now: 1894.
Total: 1.518600 ms (FindLiveObjects: 0.125000 ms CreateObjectMapping: 0.043400 ms MarkObjects: 1.292000 ms  DeleteObjects: 0.057300 ms)

========================================================================
Received Prepare
Registering precompiled user dll's ...
Registered in 0.002330 seconds.
Begin MonoManager ReloadAssembly
Native extension for WindowsStandalone target not found
Refreshing native plugins compatible for Editor in 0.30 ms, found 2 plugins.
Preloading 0 native plugins for Editor in 0.00 ms.
Mono: successfully reloaded assembly
- Completed reload, in  0.928 seconds
Platform modules already initialized, skipping
Refreshing native plugins compatible for Editor in 0.29 ms, found 2 plugins.
Preloading 0 native plugins for Editor in 0.00 ms.
Unloading 1402 Unused Serialized files (Serialized files now loaded: 0)
System memory in use before: 77.7 MB.
System memory in use after: 77.8 MB.

Unloading 18 unused Assets to reduce memory usage. Loaded Objects now: 1897.
Total: 1.471600 ms (FindLiveObjects: 0.125400 ms CreateObjectMapping: 0.036900 ms MarkObjects: 1.259900 ms  DeleteObjects: 0.048600 ms)

========================================================================
Received Prepare
Registering precompiled user dll's ...
Registered in 0.002283 seconds.
Begin MonoManager ReloadAssembly
Native extension for WindowsStandalone target not found
Refreshing native plugins compatible for Editor in 0.33 ms, found 2 plugins.
Preloading 0 native plugins for Editor in 0.00 ms.
Mono: successfully reloaded assembly
- Completed reload, in  0.924 seconds
Platform modules already initialized, skipping
Refreshing native plugins compatible for Editor in 0.29 ms, found 2 plugins.
Preloading 0 native plugins for Editor in 0.00 ms.
Unloading 1402 Unused Serialized files (Serialized files now loaded: 0)
System memory in use before: 77.7 MB.
System memory in use after: 77.8 MB.

Unloading 18 unused Assets to reduce memory usage. Loaded Objects now: 1900.
Total: 1.598700 ms (FindLiveObjects: 0.136400 ms CreateObjectMapping: 0.039000 ms MarkObjects: 1.373100 ms  DeleteObjects: 0.049300 ms)

========================================================================
Received Prepare
Registering precompiled user dll's ...
Registered in 0.002236 seconds.
Begin MonoManager ReloadAssembly
Native extension for WindowsStandalone target not found
Refreshing native plugins compatible for Editor in 0.31 ms, found 2 plugins.
Preloading 0 native plugins for Editor in 0.00 ms.
Mono: successfully reloaded assembly
- Completed reload, in  0.942 seconds
Platform modules already initialized, skipping
Refreshing native plugins compatible for Editor in 0.30 ms, found 2 plugins.
Preloading 0 native plugins for Editor in 0.00 ms.
Unloading 1402 Unused Serialized files (Serialized files now loaded: 0)
System memory in use before: 77.7 MB.
System memory in use after: 77.8 MB.

Unloading 18 unused Assets to reduce memory usage. Loaded Objects now: 1903.
Total: 1.516300 ms (FindLiveObjects: 0.130400 ms CreateObjectMapping: 0.038600 ms MarkObjects: 1.300200 ms  DeleteObjects: 0.046100 ms)

========================================================================
Received Prepare
Registering precompiled user dll's ...
Registered in 0.002270 seconds.
Begin MonoManager ReloadAssembly
Native extension for WindowsStandalone target not found
Refreshing native plugins compatible for Editor in 0.38 ms, found 2 plugins.
Preloading 0 native plugins for Editor in 0.00 ms.
Mono: successfully reloaded assembly
- Completed reload, in  0.944 seconds
Platform modules already initialized, skipping
Refreshing native plugins compatible for Editor in 0.32 ms, found 2 plugins.
Preloading 0 native plugins for Editor in 0.00 ms.
Unloading 1402 Unused Serialized files (Serialized files now loaded: 0)
System memory in use before: 77.7 MB.
System memory in use after: 77.8 MB.

Unloading 18 unused Assets to reduce memory usage. Loaded Objects now: 1906.
Total: 1.475500 ms (FindLiveObjects: 0.127200 ms CreateObjectMapping: 0.037400 ms MarkObjects: 1.265000 ms  DeleteObjects: 0.045100 ms)

========================================================================
Received Prepare
Registering precompiled user dll's ...
Registered in 0.002389 seconds.
Begin MonoManager ReloadAssembly
Native extension for WindowsStandalone target not found
Refreshing native plugins compatible for Editor in 0.50 ms, found 2 plugins.
Preloading 0 native plugins for Editor in 0.00 ms.
Mono: successfully reloaded assembly
- Completed reload, in  0.947 seconds
Platform modules already initialized, skipping
Refreshing native plugins compatible for Editor in 0.30 ms, found 2 plugins.
Preloading 0 native plugins for Editor in 0.00 ms.
Unloading 1402 Unused Serialized files (Serialized files now loaded: 0)
System memory in use before: 77.7 MB.
System memory in use after: 77.8 MB.

Unloading 18 unused Assets to reduce memory usage. Loaded Objects now: 1909.
Total: 1.823400 ms (FindLiveObjects: 0.142600 ms CreateObjectMapping: 0.041300 ms MarkObjects: 1.569800 ms  DeleteObjects: 0.068900 ms)

========================================================================
Received Prepare
Registering precompiled user dll's ...
Registered in 0.002340 seconds.
Begin MonoManager ReloadAssembly
Native extension for WindowsStandalone target not found
Refreshing native plugins compatible for Editor in 0.29 ms, found 2 plugins.
Preloading 0 native plugins for Editor in 0.00 ms.
Mono: successfully reloaded assembly
- Completed reload, in  0.946 seconds
Platform modules already initialized, skipping
Refreshing native plugins compatible for Editor in 0.30 ms, found 2 plugins.
Preloading 0 native plugins for Editor in 0.00 ms.
Unloading 1402 Unused Serialized files (Serialized files now loaded: 0)
System memory in use before: 77.7 MB.
System memory in use after: 77.8 MB.

Unloading 18 unused Assets to reduce memory usage. Loaded Objects now: 1912.
Total: 1.522500 ms (FindLiveObjects: 0.121700 ms CreateObjectMapping: 0.038700 ms MarkObjects: 1.286500 ms  DeleteObjects: 0.074700 ms)

========================================================================
Received Prepare
Registering precompiled user dll's ...
Registered in 0.002289 seconds.
Begin MonoManager ReloadAssembly
Native extension for WindowsStandalone target not found
Refreshing native plugins compatible for Editor in 0.42 ms, found 2 plugins.
Preloading 0 native plugins for Editor in 0.00 ms.
Mono: successfully reloaded assembly
- Completed reload, in  0.925 seconds
Platform modules already initialized, skipping
Refreshing native plugins compatible for Editor in 0.29 ms, found 2 plugins.
Preloading 0 native plugins for Editor in 0.00 ms.
Unloading 1402 Unused Serialized files (Serialized files now loaded: 0)
System memory in use before: 77.7 MB.
System memory in use after: 77.8 MB.

Unloading 18 unused Assets to reduce memory usage. Loaded Objects now: 1915.
Total: 1.623900 ms (FindLiveObjects: 0.130400 ms CreateObjectMapping: 0.036700 ms MarkObjects: 1.405500 ms  DeleteObjects: 0.050400 ms)

========================================================================
Received Import Request.
  Time since last request: 481.709098 seconds.
  path: Assets/Resources/UI/Signin.prefab
  artifactKey: Guid(5baed6adbd1bee34098f0515835bb63f) Importer(815301076,1909f56bfc062723c751e8b465ee728b)
Start importing Assets/Resources/UI/Signin.prefab using Guid(5baed6adbd1bee34098f0515835bb63f) Importer(815301076,1909f56bfc062723c751e8b465ee728b)  -> (artifact id: '32b44004e161ad59f9ab1b08318f45a8') in 0.033407 seconds
  Import took 0.035275 seconds .

========================================================================
Received Import Request.
  Time since last request: 4.942880 seconds.
  path: Assets/Resources/UI/Signin.prefab
  artifactKey: Guid(5baed6adbd1bee34098f0515835bb63f) Importer(815301076,1909f56bfc062723c751e8b465ee728b)
Start importing Assets/Resources/UI/Signin.prefab using Guid(5baed6adbd1bee34098f0515835bb63f) Importer(815301076,1909f56bfc062723c751e8b465ee728b)  -> (artifact id: '0664ff3a0153c3f4c3b2f35d1dfcd16a') in 0.002971 seconds
  Import took 0.004892 seconds .

========================================================================
Received Import Request.
  Time since last request: 0.006986 seconds.
  path: Assets/Resources/UI/Signin.prefab
  artifactKey: Guid(5baed6adbd1bee34098f0515835bb63f) Importer(815301076,1909f56bfc062723c751e8b465ee728b)
Start importing Assets/Resources/UI/Signin.prefab using Guid(5baed6adbd1bee34098f0515835bb63f) Importer(815301076,1909f56bfc062723c751e8b465ee728b)  -> (artifact id: '0664ff3a0153c3f4c3b2f35d1dfcd16a') in 0.003026 seconds
  Import took 0.004953 seconds .

========================================================================
Received Prepare
Registering precompiled user dll's ...
Registered in 0.002304 seconds.
Begin MonoManager ReloadAssembly
Native extension for WindowsStandalone target not found
Refreshing native plugins compatible for Editor in 0.29 ms, found 2 plugins.
Preloading 0 native plugins for Editor in 0.00 ms.
Mono: successfully reloaded assembly
- Completed reload, in  0.935 seconds
Platform modules already initialized, skipping
Refreshing native plugins compatible for Editor in 0.35 ms, found 2 plugins.
Preloading 0 native plugins for Editor in 0.00 ms.
Unloading 1402 Unused Serialized files (Serialized files now loaded: 0)
System memory in use before: 77.8 MB.
System memory in use after: 77.8 MB.

Unloading 19 unused Assets to reduce memory usage. Loaded Objects now: 1918.
Total: 1.654800 ms (FindLiveObjects: 0.145600 ms CreateObjectMapping: 0.055700 ms MarkObjects: 1.399000 ms  DeleteObjects: 0.053700 ms)

========================================================================
Received Prepare
Registering precompiled user dll's ...
Registered in 0.002258 seconds.
Begin MonoManager ReloadAssembly
Native extension for WindowsStandalone target not found
Refreshing native plugins compatible for Editor in 0.32 ms, found 2 plugins.
Preloading 0 native plugins for Editor in 0.00 ms.
Mono: successfully reloaded assembly
- Completed reload, in  0.956 seconds
Platform modules already initialized, skipping
Refreshing native plugins compatible for Editor in 0.30 ms, found 2 plugins.
Preloading 0 native plugins for Editor in 0.00 ms.
Unloading 1402 Unused Serialized files (Serialized files now loaded: 0)
System memory in use before: 77.8 MB.
System memory in use after: 77.8 MB.

Unloading 18 unused Assets to reduce memory usage. Loaded Objects now: 1921.
Total: 2.214400 ms (FindLiveObjects: 0.295400 ms CreateObjectMapping: 0.085500 ms MarkObjects: 1.779500 ms  DeleteObjects: 0.053000 ms)

========================================================================
Received Prepare
Registering precompiled user dll's ...
Registered in 0.002459 seconds.
Begin MonoManager ReloadAssembly
Native extension for WindowsStandalone target not found
Refreshing native plugins compatible for Editor in 0.30 ms, found 2 plugins.
Preloading 0 native plugins for Editor in 0.00 ms.
Mono: successfully reloaded assembly
- Completed reload, in  0.984 seconds
Platform modules already initialized, skipping
Refreshing native plugins compatible for Editor in 0.30 ms, found 2 plugins.
Preloading 0 native plugins for Editor in 0.00 ms.
Unloading 1402 Unused Serialized files (Serialized files now loaded: 0)
System memory in use before: 77.8 MB.
System memory in use after: 77.8 MB.

Unloading 18 unused Assets to reduce memory usage. Loaded Objects now: 1924.
Total: 1.586100 ms (FindLiveObjects: 0.142600 ms CreateObjectMapping: 0.042400 ms MarkObjects: 1.343300 ms  DeleteObjects: 0.056900 ms)

========================================================================
Received Prepare
Registering precompiled user dll's ...
Registered in 0.002258 seconds.
Begin MonoManager ReloadAssembly
Native extension for WindowsStandalone target not found
Refreshing native plugins compatible for Editor in 0.33 ms, found 2 plugins.
Preloading 0 native plugins for Editor in 0.00 ms.
Mono: successfully reloaded assembly
- Completed reload, in  0.955 seconds
Platform modules already initialized, skipping
Refreshing native plugins compatible for Editor in 0.51 ms, found 2 plugins.
Preloading 0 native plugins for Editor in 0.00 ms.
Unloading 1402 Unused Serialized files (Serialized files now loaded: 0)
System memory in use before: 77.7 MB.
System memory in use after: 77.8 MB.

Unloading 18 unused Assets to reduce memory usage. Loaded Objects now: 1927.
Total: 1.460800 ms (FindLiveObjects: 0.125000 ms CreateObjectMapping: 0.037500 ms MarkObjects: 1.252900 ms  DeleteObjects: 0.044800 ms)

========================================================================
Received Prepare
Registering precompiled user dll's ...
Registered in 0.002287 seconds.
Begin MonoManager ReloadAssembly
Native extension for WindowsStandalone target not found
Refreshing native plugins compatible for Editor in 0.30 ms, found 2 plugins.
Preloading 0 native plugins for Editor in 0.00 ms.
Mono: successfully reloaded assembly
- Completed reload, in  0.965 seconds
Platform modules already initialized, skipping
Refreshing native plugins compatible for Editor in 0.38 ms, found 2 plugins.
Preloading 0 native plugins for Editor in 0.00 ms.
Unloading 1402 Unused Serialized files (Serialized files now loaded: 0)
System memory in use before: 77.8 MB.
System memory in use after: 77.8 MB.

Unloading 18 unused Assets to reduce memory usage. Loaded Objects now: 1930.
Total: 1.591100 ms (FindLiveObjects: 0.136800 ms CreateObjectMapping: 0.039900 ms MarkObjects: 1.364200 ms  DeleteObjects: 0.049600 ms)

========================================================================
Received Prepare
Registering precompiled user dll's ...
Registered in 0.002258 seconds.
Begin MonoManager ReloadAssembly
Native extension for WindowsStandalone target not found
Refreshing native plugins compatible for Editor in 0.31 ms, found 2 plugins.
Preloading 0 native plugins for Editor in 0.00 ms.
Mono: successfully reloaded assembly
- Completed reload, in  0.957 seconds
Platform modules already initialized, skipping
Refreshing native plugins compatible for Editor in 0.28 ms, found 2 plugins.
Preloading 0 native plugins for Editor in 0.00 ms.
Unloading 1402 Unused Serialized files (Serialized files now loaded: 0)
System memory in use before: 77.8 MB.
System memory in use after: 77.8 MB.

Unloading 18 unused Assets to reduce memory usage. Loaded Objects now: 1933.
Total: 1.495700 ms (FindLiveObjects: 0.132300 ms CreateObjectMapping: 0.039300 ms MarkObjects: 1.275000 ms  DeleteObjects: 0.048300 ms)

========================================================================
Received Prepare
Registering precompiled user dll's ...
Registered in 0.002285 seconds.
Begin MonoManager ReloadAssembly
Native extension for WindowsStandalone target not found
Refreshing native plugins compatible for Editor in 0.50 ms, found 2 plugins.
Preloading 0 native plugins for Editor in 0.00 ms.
Mono: successfully reloaded assembly
- Completed reload, in  0.971 seconds
Platform modules already initialized, skipping
Refreshing native plugins compatible for Editor in 0.34 ms, found 2 plugins.
Preloading 0 native plugins for Editor in 0.00 ms.
Unloading 1402 Unused Serialized files (Serialized files now loaded: 0)
System memory in use before: 77.8 MB.
System memory in use after: 77.8 MB.

Unloading 18 unused Assets to reduce memory usage. Loaded Objects now: 1936.
Total: 1.690900 ms (FindLiveObjects: 0.148100 ms CreateObjectMapping: 0.047500 ms MarkObjects: 1.446100 ms  DeleteObjects: 0.048200 ms)

========================================================================
Received Prepare
Registering precompiled user dll's ...
Registered in 0.002189 seconds.
Begin MonoManager ReloadAssembly
Native extension for WindowsStandalone target not found
Refreshing native plugins compatible for Editor in 0.30 ms, found 2 plugins.
Preloading 0 native plugins for Editor in 0.00 ms.
Mono: successfully reloaded assembly
- Completed reload, in  0.944 seconds
Platform modules already initialized, skipping
Refreshing native plugins compatible for Editor in 0.29 ms, found 2 plugins.
Preloading 0 native plugins for Editor in 0.00 ms.
Unloading 1402 Unused Serialized files (Serialized files now loaded: 0)
System memory in use before: 77.8 MB.
System memory in use after: 77.8 MB.

Unloading 18 unused Assets to reduce memory usage. Loaded Objects now: 1939.
Total: 1.645800 ms (FindLiveObjects: 0.135700 ms CreateObjectMapping: 0.038200 ms MarkObjects: 1.411300 ms  DeleteObjects: 0.059900 ms)

========================================================================
Received Prepare
Registering precompiled user dll's ...
Registered in 0.002203 seconds.
Begin MonoManager ReloadAssembly
Native extension for WindowsStandalone target not found
Refreshing native plugins compatible for Editor in 0.30 ms, found 2 plugins.
Preloading 0 native plugins for Editor in 0.00 ms.
Mono: successfully reloaded assembly
- Completed reload, in  0.936 seconds
Platform modules already initialized, skipping
Refreshing native plugins compatible for Editor in 0.29 ms, found 2 plugins.
Preloading 0 native plugins for Editor in 0.00 ms.
Unloading 1402 Unused Serialized files (Serialized files now loaded: 0)
System memory in use before: 77.8 MB.
System memory in use after: 77.8 MB.

Unloading 18 unused Assets to reduce memory usage. Loaded Objects now: 1942.
Total: 1.462300 ms (FindLiveObjects: 0.123500 ms CreateObjectMapping: 0.037500 ms MarkObjects: 1.254100 ms  DeleteObjects: 0.046600 ms)

========================================================================
Received Prepare
Registering precompiled user dll's ...
Registered in 0.002210 seconds.
Begin MonoManager ReloadAssembly
Native extension for WindowsStandalone target not found
Refreshing native plugins compatible for Editor in 0.31 ms, found 2 plugins.
Preloading 0 native plugins for Editor in 0.00 ms.
Mono: successfully reloaded assembly
- Completed reload, in  0.930 seconds
Platform modules already initialized, skipping
Refreshing native plugins compatible for Editor in 0.32 ms, found 2 plugins.
Preloading 0 native plugins for Editor in 0.00 ms.
Unloading 1402 Unused Serialized files (Serialized files now loaded: 0)
System memory in use before: 77.8 MB.
System memory in use after: 77.9 MB.

Unloading 18 unused Assets to reduce memory usage. Loaded Objects now: 1945.
Total: 1.518000 ms (FindLiveObjects: 0.132000 ms CreateObjectMapping: 0.040100 ms MarkObjects: 1.296900 ms  DeleteObjects: 0.048200 ms)

========================================================================
Received Prepare
Registering precompiled user dll's ...
Registered in 0.002253 seconds.
Begin MonoManager ReloadAssembly
Native extension for WindowsStandalone target not found
Refreshing native plugins compatible for Editor in 0.30 ms, found 2 plugins.
Preloading 0 native plugins for Editor in 0.00 ms.
Mono: successfully reloaded assembly
- Completed reload, in  0.947 seconds
Platform modules already initialized, skipping
Refreshing native plugins compatible for Editor in 0.29 ms, found 2 plugins.
Preloading 0 native plugins for Editor in 0.00 ms.
Unloading 1402 Unused Serialized files (Serialized files now loaded: 0)
System memory in use before: 77.8 MB.
System memory in use after: 77.9 MB.

Unloading 18 unused Assets to reduce memory usage. Loaded Objects now: 1948.
Total: 1.476000 ms (FindLiveObjects: 0.128100 ms CreateObjectMapping: 0.041700 ms MarkObjects: 1.259400 ms  DeleteObjects: 0.045900 ms)

========================================================================
Received Prepare
Registering precompiled user dll's ...
Registered in 0.002227 seconds.
Begin MonoManager ReloadAssembly
Native extension for WindowsStandalone target not found
Refreshing native plugins compatible for Editor in 0.32 ms, found 2 plugins.
Preloading 0 native plugins for Editor in 0.00 ms.
Mono: successfully reloaded assembly
- Completed reload, in  0.935 seconds
Platform modules already initialized, skipping
Refreshing native plugins compatible for Editor in 0.30 ms, found 2 plugins.
Preloading 0 native plugins for Editor in 0.00 ms.
Unloading 1402 Unused Serialized files (Serialized files now loaded: 0)
System memory in use before: 77.8 MB.
System memory in use after: 77.9 MB.

Unloading 18 unused Assets to reduce memory usage. Loaded Objects now: 1951.
Total: 1.465800 ms (FindLiveObjects: 0.130300 ms CreateObjectMapping: 0.037400 ms MarkObjects: 1.252100 ms  DeleteObjects: 0.045100 ms)

AssetImportWorkerClient::OnTransportError - code=2 error=End of file
